Total 1356 number of nodes
<Node function:torch.nn.modules.utils._list_with_default> - 3
<Node function:torch.nn.modules.utils._ntuple.parse> - 4
<Node function:torch.nn.utils._expanded_weights.expanded_weights_impl.batch_second> - 2
<Node class:torch.nn.modules.instancenorm.InstanceNorm3d> - 2
<Node method:torch.nn.utils.prune.BasePruningMethod.compute_mask> - 3
<Node method:torch.nn.modules.instancenorm.LazyInstanceNorm2d._get_no_batch_dim> - 2
<Node function:torch.nn.utils.stateless._untie_named_tensors_map> - 4
<Node function:torch.nn.utils._expanded_weights.expanded_weights_impl.allow_smaller_batches> - 2
<Node class:torch.nn.utils.prune.Identity> - 1
<Node class:torch.nn.utils._named_member_accessor.NamedMemberAccessor> - 4
<Node method:torch.nn.modules.instancenorm.LazyInstanceNorm2d._check_input_dim> - 2
<Node function:torch.nn.utils._expanded_weights.expanded_weights_impl.batch_second.set_batch_second> - 3
<Node method:torch.nn.utils.prune.PruningContainer.__init__> - 2
<Node function:torch.nn.utils.stateless._reparametrize_module> - 3
<Node function:torch.nn.utils.stateless.functional_call> - 1
<Node class:torch.nn.modules.instancenorm.LazyInstanceNorm3d> - 1
<Node class:torch.nn.parallel._functions.Broadcast> - 4
<Node method:torch.nn.modules.instancenorm.InstanceNorm3d._get_no_batch_dim> - 3
<Node method:torch.nn.modules.instancenorm.InstanceNorm3d._check_input_dim> - 3
<Node function:torch.nn.parallel.replicate._broadcast_coalesced_reshape> - 3
<Node function:torch.nn.parallel.replicate._replicatable_module.descendant_modules> - 4
<Node function:torch.nn.parallel.replicate._replicatable_module> - 3
<Node function:torch.nn.parallel.replicate._is_jit_enabled> - 4
<Node function:torch.nn.parallel.replicate._init_script_module> - 1
<Node method:torch.nn.modules.instancenorm.LazyInstanceNorm3d._check_input_dim> - 2
<Node function:torch.nn.parallel.replicate._is_script_method> - 1
<Node method:torch.nn.modules.instancenorm.LazyInstanceNorm3d._get_no_batch_dim> - 2
<Node function:torch.nn.parallel.replicate._is_script_module> - 4
<Node function:torch.nn.utils._expanded_weights.expanded_weights_impl.batch_second.reset_batch_first> - 3
<Node method:torch.nn.modules.padding._ConstantPadNd.forward> - 4
<Node class:torch.nn.modules.padding.ConstantPad1d> - 2
<Node method:torch.nn.modules.padding._ConstantPadNd.__init__> - 4
<Node method:torch.nn.modules.padding.CircularPad3d._check_input_dim> - 2
<Node class:torch.nn.modules.padding._ConstantPadNd> - 3
<Node method:torch.nn.modules.padding.CircularPad3d.__init__> - 2
<Node method:torch.nn.modules.padding.CircularPad2d._check_input_dim> - 2
<Node method:torch.nn.modules.conv._LazyConvXdMixin._get_in_channels> - 3
<Node method:torch.nn.modules.activation.LogSoftmax.extra_repr> - 2
<Node method:torch.nn.modules.conv._LazyConvXdMixin._get_num_spatial_dims> - 3
<Node method:torch.nn.modules.activation.LogSoftmax.forward> - 2
<Node method:torch.nn.modules.conv.LazyConv1d.__init__> - 2
<Node class:torch.nn.modules.conv.LazyConv2d> - 1
<Node method:torch.nn.modules.activation.LogSoftmax.__setstate__> - 2
<Node method:torch.nn.modules.activation.LogSoftmax.__init__> - 2
<Node method:torch.nn.modules.activation.Softmax2d.forward> - 2
<Node method:torch.nn.modules.conv._LazyConvXdMixin.initialize_parameters> - 3
<Node method:torch.nn.modules.conv._LazyConvXdMixin.reset_parameters> - 3
<Node method:torch.nn.modules.activation.Softmax.forward> - 2
<Node class:torch.nn.modules.activation.LogSoftmax> - 1
<Node method:torch.nn.modules.activation.Softmax.extra_repr> - 2
<Node class:torch.nn.modules.conv.LazyConv1d> - 1
<Node function:torch.nn.functional.softmin> - 3
<Node function:torch.nn.functional.softmax> - 3
<Node method:torch.nn.utils.prune.BasePruningMethod.__call__> - 3
<Node class:torch.nn.utils.prune.PruningContainer> - 2
<Node class:torch.nn.modules.conv._LazyConvXdMixin> - 2
<Node class:torch.nn.modules.activation.Softmax2d> - 1
<Node method:torch.nn.modules.activation.Softmax.__setstate__> - 2
<Node method:torch.nn.modules.activation.Softmax.__init__> - 2
<Node class:torch.nn.modules.padding._CircularPadNd> - 2
<Node method:torch.nn.modules.conv._ConvTransposeMixin.__init__> - 2
<Node class:torch.nn.modules.module.Module> - 2
<Node method:torch.nn.modules.activation.Softmin.extra_repr> - 2
<Node class:torch.nn.utils.prune.BasePruningMethod> - 2
<Node method:torch.nn.modules.activation.Softmin.forward> - 2
<Node method:torch.nn.modules.activation.Softmin.__setstate__> - 2
<Node function:torch.nn.modules.utils._ntuple> - 3
<Node function:torch.nn.utils._expanded_weights.expanded_weights_impl.setup_rnn> - 1
<Node function:torch.nn.utils._expanded_weights.expanded_weights_impl.allow_smaller_batches.allow> - 3
<Node function:torch.nn.utils._expanded_weights.expanded_weights_impl.allow_smaller_batches.reset> - 3
<Node class:torch.nn.modules.batchnorm._NormBase> - 3
<Node function:torch.nn.utils._expanded_weights.expanded_weights_impl.implements_per_sample_grads.decorator> - 2
<Node method:torch.nn.utils._expanded_weights.expanded_weights_impl.allow_smaller_batches.__enter__> - 1
<Node method:torch.nn.utils._expanded_weights.expanded_weights_impl.allow_smaller_batches.__exit__> - 1
<Node class:torch.nn.parameter.Parameter> - 2
<Node class:torch.nn.parameter.UninitializedParameter> - 3
<Node class:torch.nn.parameter.UninitializedBuffer> - 4
<Node class:torch.nn.modules._functions.SyncBatchNorm> - 3
<Node class:torch.nn.modules.lazy.LazyModuleMixin> - 2
<Node class:torch.nn.modules.batchnorm._BatchNorm> - 2
<Node function:torch.nn.functional.tanhshrink> - 3
<Node method:torch.nn.modules.batchnorm._NormBase.__init__> - 4
<Node method:torch.nn.modules.activation.Softmin.__init__> - 2
<Node method:torch.nn.utils.prune.PruningContainer.__len__> - 3
<Node class:torch.nn.modules.activation.Softmax> - 1
<Node function:torch.nn.utils.stateless._functional_call> - 2
<Node method:torch.nn.utils.prune.PruningContainer.__iter__> - 3
<Node method:torch.nn.modules.batchnorm._NormBase.reset_parameters> - 4
<Node function:torch.nn.functional.softsign> - 3
<Node method:torch.nn.modules.activation.Tanhshrink.forward> - 2
<Node method:torch.nn.modules.batchnorm._NormBase.reset_running_stats> - 4
<Node method:torch.nn.utils.prune.PruningContainer.add_pruning_method> - 2
<Node class:torch.nn.modules.activation.Softmin> - 1
<Node method:torch.nn.utils.prune.PruningContainer.compute_mask> - 2
<Node method:torch.nn.utils.prune.PruningContainer.__getitem__> - 3
<Node function:torch.nn.parallel.DistributedDataParallelCPU> - 1
<Node class:torch.nn.modules.conv._ConvTransposeMixin> - 1
<Node method:torch.nn.modules.activation.Softsign.forward> - 2
<Node method:torch.nn.utils._named_member_accessor.NamedMemberAccessor.check_keys> - 4
<Node class:torch.nn.utils.prune.RandomUnstructured> - 1
<Node class:torch.nn.modules.activation.Tanhshrink> - 1
<Node method:torch.nn.utils._named_member_accessor.NamedMemberAccessor.swap_tensors_dict> - 4
<Node function:torch.nn.utils.prune.PruningContainer.compute_mask._combine_masks> - 3
<Node method:torch.nn.modules.activation.PReLU.extra_repr> - 2
<Node method:torch.nn.modules.conv.ConvTranspose3d.forward> - 3
<Node method:torch.nn.utils.prune.Identity.compute_mask> - 2
<Node method:torch.nn.modules.batchnorm._NormBase.extra_repr> - 4
<Node method:torch.nn.modules.batchnorm._NormBase._check_input_dim> - 4
<Node method:torch.nn.modules.activation.PReLU.reset_parameters> - 2
<Node method:torch.nn.modules.conv.ConvTranspose1d.forward> - 3
<Node method:torch.nn.utils.stateless._reparametrize_module.__enter__> - 1
<Node method:torch.nn.modules.activation.PReLU.forward> - 2
<Node method:torch.nn.utils.stateless._reparametrize_module.__exit__> - 1
<Node class:torch.nn.modules.conv.ConvTranspose2d> - 2
<Node method:torch.nn.modules.conv.ConvTranspose1d.__init__> - 3
<Node class:torch.nn.utils.prune.L1Unstructured> - 1
<Node method:torch.nn.utils.prune.RandomUnstructured.__init__> - 2
<Node method:torch.nn.utils.rnn.PackedSequence_.__init__> - 1
<Node method:torch.nn.modules.conv._ConvTransposeNd._output_padding> - 3
<Node method:torch.nn.utils.prune.RandomUnstructured.compute_mask> - 2
<Node method:torch.nn.modules.activation.MultiheadAttention.merge_masks> - 5
<Node function:torch.nn.functional.multi_head_attention_forward> - 7
<Node method:torch.nn.utils.prune.L1Unstructured.__init__> - 2
<Node class:torch.nn.utils.prune.RandomStructured> - 1
<Node function:torch.nn.functional._none_or_dtype> - 5
<Node function:torch.nn.functional._canonical_mask> - 5
<Node method:torch.nn.modules.activation.PReLU.__init__> - 2
<Node class:torch.nn.modules.activation.Softsign> - 1
<Node method:torch.nn.modules.activation.MultiheadAttention.forward> - 6
<Node method:torch.nn.modules.activation.MultiheadAttention._reset_parameters> - 6
<Node method:torch.nn.modules.activation.MultiheadAttention.__setstate__> - 6
<Node method:torch.nn.modules.conv.ConvTranspose2d.__init__> - 3
<Node class:torch.nn.modules.padding.CircularPad3d> - 1
<Node method:torch.nn.modules.padding.CircularPad2d.__init__> - 2
<Node method:torch.nn.modules.padding.CircularPad1d._check_input_dim> - 2
<Node method:torch.nn.modules.padding.CircularPad1d.__init__> - 2
<Node function:torch.nn.functional.pad> - 2
<Node class:torch.nn.modules.padding.CircularPad2d> - 1
<Node method:torch.nn.modules.padding._CircularPadNd.extra_repr> - 3
<Node class:torch.nn.modules.conv.ConvTranspose3d> - 2
<Node method:torch.nn.modules.padding._CircularPadNd.forward> - 3
<Node method:torch.nn.utils._expanded_weights.expanded_weights_impl.ExpandedWeight.__init__> - 3
<Node method:torch.nn.utils._expanded_weights.expanded_weights_impl.ExpandedWeight.__new__> - 3
<Node method:torch.nn.utils._expanded_weights.expanded_weights_impl.ExpandedWeight.dtype> - 3
<Node method:torch.nn.modules.batchnorm._LazyNormBase.initialize_parameters> - 3
<Node method:torch.nn.utils._expanded_weights.expanded_weights_impl.ExpandedWeight.data> - 3
<Node class:torch.nn.utils.spectral_norm.SpectralNorm> - 2
<Node method:torch.nn.utils._expanded_weights.expanded_weights_impl.ExpandedWeight.shape> - 3
<Node method:torch.nn.utils._expanded_weights.expanded_weights_impl.setup_rnn.__enter__> - 1
<Node method:torch.nn.modules.padding._CircularPadNd._check_input_dim> - 3
<Node method:torch.nn.utils._expanded_weights.expanded_weights_impl.setup_rnn.__exit__> - 1
<Node method:torch.nn.modules.batchnorm._LazyNormBase.reset_parameters> - 3
<Node class:torch.nn.modules.padding.CircularPad1d> - 1
<Node method:torch.nn.utils._expanded_weights.expanded_weights_impl.ExpandedWeight.device> - 3
<Node method:torch.nn.modules.conv.ConvTranspose2d.forward> - 3
<Node method:torch.nn.utils._expanded_weights.expanded_weights_impl.ExpandedWeight.is_cuda> - 3
<Node method:torch.nn.utils._expanded_weights.expanded_weights_impl.ExpandedWeight.data_ptr> - 3
<Node function:torch.nn.functional.batch_norm> - 3
<Node method:torch.nn.utils._expanded_weights.expanded_weights_impl.ExpandedWeight.get_device> - 3
<Node method:torch.nn.modules.conv.ConvTranspose3d.__init__> - 3
<Node class:torch.nn.modules.batchnorm.BatchNorm1d> - 2
<Node method:torch.nn.utils.prune.BasePruningMethod.apply_mask> - 3
<Node method:torch.nn.modules.batchnorm._BatchNorm.forward> - 3
<Node method:torch.nn.modules.batchnorm._LazyNormBase.__init__> - 3
<Node class:torch.nn.modules.activation.Threshold> - 1
<Node class:torch.nn.modules.linear.NonDynamicallyQuantizableLinear> - 6
<Node class:torch.nn.modules.batchnorm._LazyNormBase> - 2
<Node function:torch.nn.init.constant_> - 7
<Node method:torch.nn.modules.batchnorm._BatchNorm.__init__> - 3
<Node function:torch.nn.init.zeros_> - 3
<Node function:torch.nn.init.ones_> - 3
<Node method:torch.nn.modules.batchnorm._NormBase._load_from_state_dict> - 4
<Node function:torch.nn.init.xavier_normal_> - 7
<Node function:torch.nn.init.xavier_uniform_> - 3
<Node class:torch.nn.modules.activation.ReLU> - 1
<Node method:torch.nn.modules.activation.Threshold.__init__> - 2
<Node method:torch.nn.modules.pooling._AdaptiveMaxPoolNd.extra_repr> - 3
<Node function:torch.nn.utils._expanded_weights.expanded_weights_utils._check_and_unexpand_args> - 2
<Node method:torch.nn.parameter.UninitializedBuffer.__init__> - 1
<Node method:torch.nn.modules.pooling.AdaptiveMaxPool1d.forward> - 2
<Node function:torch.nn.utils._expanded_weights.expanded_weights_utils.is_batch_first> - 1
<Node method:torch.nn.utils._named_member_accessor.NamedMemberAccessor.set_tensors_dict> - 5
<Node method:torch.nn.parameter.UninitializedParameter.__init__> - 1
<Node class:torch.nn.modules.pooling.AdaptiveMaxPool2d> - 1
<Node method:torch.nn.utils._named_member_accessor.NamedMemberAccessor.del_tensors> - 5
<Node class:torch.nn.utils._expanded_weights.expanded_weights_impl.ExpandedWeight> - 2
<Node class:torch.nn.modules.pooling.AdaptiveMaxPool3d> - 1
<Node method:torch.nn.utils._named_member_accessor.NamedMemberAccessor.swap_tensors> - 5
<Node method:torch.nn.modules.pooling.AdaptiveMaxPool2d.forward> - 2
<Node function:torch.nn.functional.fractional_max_pool2d_with_indices> - 2
<Node function:torch.nn.utils._expanded_weights.expanded_weights_utils.maybe_scale_by_batch_size> - 3
<Node class:torch.nn.modules.pooling._AdaptiveAvgPoolNd> - 2
<Node method:torch.nn.modules.pooling.AdaptiveMaxPool3d.forward> - 2
<Node function:torch.nn.utils._expanded_weights.expanded_weights_utils.sum_over_all_but_batch_and_last_n> - 2
<Node method:torch.nn.utils._named_member_accessor.NamedMemberAccessor.named_parameters> - 5
<Node class:torch.nn.modules.pooling.AdaptiveAvgPool1d> - 1
<Node method:torch.nn.modules.pooling._AdaptiveAvgPoolNd.__init__> - 3
<Node method:torch.nn.utils._named_member_accessor.NamedMemberAccessor.named_buffers> - 5
<Node method:torch.nn.modules.pooling._AdaptiveAvgPoolNd.extra_repr> - 3
<Node method:torch.nn.utils._named_member_accessor.NamedMemberAccessor.named_tensors> - 5
<Node method:torch.nn.modules.pooling.AdaptiveAvgPool1d.forward> - 2
<Node class:torch.nn.modules.pooling.AdaptiveAvgPool2d> - 1
<Node method:torch.nn.utils._named_member_accessor.NamedMemberAccessor.named_modules> - 5
<Node class:torch.nn.modules.pooling.AdaptiveAvgPool3d> - 1
<Node method:torch.nn.modules.pooling.AdaptiveAvgPool2d.forward> - 2
<Node function:torch.nn.modules.transformer._get_clones> - 4
<Node method:torch.nn.modules.pooling.AdaptiveAvgPool3d.forward> - 2
<Node method:torch.nn.modules.transformer.TransformerDecoderLayer.__setstate__> - 4
<Node method:torch.nn.modules.transformer.TransformerEncoderLayer._sa_block> - 4
<Node function:torch.nn.functional.adaptive_avg_pool2d> - 3
<Node method:torch.nn.utils.rnn.PackedSequence.long> - 4
<Node method:torch.nn.utils.rnn.PackedSequence.half> - 4
<Node method:torch.nn.modules.transformer.TransformerDecoderLayer.__init__> - 4
<Node function:torch.nn.functional.adaptive_avg_pool3d> - 3
<Node method:torch.nn.utils.rnn.PackedSequence.float> - 4
<Node class:torch.nn.parallel.distributed._MixedPrecision> - inf
<Node method:torch.nn.modules.transformer.TransformerEncoderLayer._ff_block> - 4
<Node method:torch.nn.utils.rnn.PackedSequence.to> - 4
<Node method:torch.nn.utils.rnn.PackedSequence.double> - 4
<Node method:torch.nn.modules.transformer.TransformerDecoderLayer.forward> - 4
<Node method:torch.nn.utils.rnn.PackedSequence.cpu> - 4
<Node class:torch.nn.modules.dropout._DropoutNd> - 2
<Node class:torch.nn.modules.dropout.Dropout> - 5
<Node function:torch.nn.modules.transformer._detect_is_causal_mask> - 5
<Node method:torch.nn.modules.distance.CosineSimilarity.forward> - 2
<Node method:torch.nn.parallel.distributed.DistributedDataParallel._register_fused_optim> - inf
<Node method:torch.nn.modules.dropout._DropoutNd.__init__> - 3
<Node method:torch.nn.parallel.distributed.DistributedDataParallel._check_comm_hook> - inf
<Node method:torch.nn.modules.dropout._DropoutNd.extra_repr> - 3
<Node class:torch.nn.parallel.distributed._DDPJoinHook> - inf
<Node class:torch.nn.utils._expanded_weights.embedding_expanded_weights.EmbeddingPerSampleGrad> - 1
<Node function:torch.nn.modules.transformer._get_activation_fn> - 5
<Node method:torch.nn.modules.transformer.TransformerDecoderLayer._sa_block> - 4
<Node method:torch.nn.modules.dropout.Dropout.forward> - 6
<Node method:torch.nn.modules.transformer.TransformerDecoderLayer._mha_block> - 4
<Node method:torch.nn.modules.transformer.TransformerDecoderLayer._ff_block> - 4
<Node class:torch.nn.modules.dropout.Dropout1d> - 1
<Node method:torch.nn.parallel.distributed.DistributedDataParallel._distributed_broadcast_coalesced> - inf
<Node class:torch.nn.modules.loss.CTCLoss> - 1
<Node function:torch.nn.functional._fractional_max_pool2d> - 1
<Node method:torch.nn.modules.loss.CosineEmbeddingLoss.forward> - 2
<Node method:torch.nn.parallel.distributed.DistributedDataParallel.will_sync_module_buffers> - inf
<Node method:torch.nn.utils.rnn.PackedSequence.cuda> - 4
<Node method:torch.nn.modules.rnn.RNNCellBase.extra_repr> - 3
<Node method:torch.nn.modules.loss.TripletMarginLoss.forward> - 2
<Node method:torch.nn.modules.rnn.RNNCellBase.__init__> - 3
<Node method:torch.nn.modules.loss.MarginRankingLoss.__init__> - 2
<Node class:torch.nn.modules.linear.Identity> - 1
<Node function:torch.nn.functional.multi_margin_loss> - 3
<Node class:torch.nn.modules.rnn.RNNCell> - 1
<Node class:torch.nn.modules.linear.Bilinear> - 1
<Node method:torch.nn.parallel.distributed.DistributedDataParallel._default_broadcast_coalesced> - inf
<Node method:torch.nn.modules.linear.Identity.__init__> - 2
<Node method:torch.nn.modules.linear.Identity.forward> - 2
<Node class:torch.nn.modules.loss.TripletMarginWithDistanceLoss> - 1
<Node method:torch.nn.modules.linear.Linear.__init__> - 3
<Node method:torch.nn.modules.linear.Linear.forward> - 3
<Node class:torch.nn.modules.loss.MultiMarginLoss> - 1
<Node method:torch.nn.modules.linear.Linear.reset_parameters> - 3
<Node method:torch.nn.modules.loss.MultiMarginLoss.forward> - 2
<Node method:torch.nn.modules.loss.TripletMarginLoss.__init__> - 2
<Node function:torch.nn.functional.margin_ranking_loss> - 3
<Node class:torch.nn.modules.loss.TripletMarginLoss> - 1
<Node method:torch.nn.modules.linear.Linear.extra_repr> - 3
<Node method:torch.nn.modules.rnn.GRU.forward> - 2
<Node method:torch.nn.modules.loss.MultiMarginLoss.__init__> - 2
<Node method:torch.nn.modules.linear.NonDynamicallyQuantizableLinear.__init__> - 6
<Node method:torch.nn.modules.linear.Bilinear.__init__> - 2
<Node method:torch.nn.modules.loss.MarginRankingLoss.forward> - 2
<Node class:torch.nn.modules.linear.LazyLinear> - 1
<Node class:torch.nn.utils.rnn.PackedSequence_> - 4
<Node function:torch.nn.functional.cosine_embedding_loss> - 3
<Node method:torch.nn.parallel.distributed.DistributedDataParallel._get_ddp_logging_data> - inf
<Node function:torch.nn.utils.rnn.bind> - 5
<Node method:torch.nn.modules.rnn.GRU.__init__> - 2
<Node method:torch.nn.modules.rnn.LSTM.forward> - 2
<Node class:torch.nn.parallel.distributed.DistributedDataParallel> - inf
<Node class:torch.nn.modules.rnn.RNNCellBase> - 2
<Node function:torch.nn.utils.rnn._packed_sequence_init_args> - 4
<Node method:torch.nn.modules.container.ParameterDict.__ior__> - 2
<Node method:torch.nn.utils.rnn.PackedSequence.__new__> - 4
<Node method:torch.nn.modules.linear.Bilinear.forward> - 2
<Node method:torch.nn.parallel.distributed._DDPJoinHook.__init__> - inf
<Node method:torch.nn.modules.linear.Bilinear.reset_parameters> - 2
<Node method:torch.nn.parallel.distributed.DistributedDataParallel._set_ddp_runtime_logging_sample_rate> - inf
<Node method:torch.nn.utils.rnn.PackedSequence.pin_memory> - 4
<Node function:torch.nn.parallel.data_parallel._check_balance> - 3
<Node method:torch.nn.modules.container.ParameterDict.__or__> - 2
<Node method:torch.nn.modules.container.ParameterDict.__ror__> - 2
<Node function:torch.nn.parallel.replicate.replicate> - 2
<Node method:torch.nn.parallel.distributed.DistributedDataParallel._remove_autograd_hooks> - inf
<Node function:torch.nn.parallel.parallel_apply.parallel_apply> - 2
<Node method:torch.nn.modules.linear.Bilinear.extra_repr> - 2
<Node method:torch.nn.modules.container.ParameterDict.__call__> - 2
<Node method:torch.nn.modules.linear.LazyLinear.__init__> - 2
<Node class:torch.nn.parallel.data_parallel.DataParallel> - 1
<Node method:torch.nn.modules.container.ParameterDict.extra_repr> - 2
<Node function:torch.nn.parallel.data_parallel._check_balance.warn_imbalance> - 4
<Node method:torch.nn.modules.linear.LazyLinear.reset_parameters> - 2
<Node function:torch.nn.parallel.data_parallel.data_parallel> - 1
<Node method:torch.nn.parallel.data_parallel.DataParallel.__init__> - 2
<Node method:torch.nn.cpp.OrderedDictWrapper.__iter__> - 4
<Node method:torch.nn.modules.container.ParameterDict.values> - 2
<Node method:torch.nn.parallel.distributed.DistributedDataParallel._check_reducer_finalized> - inf
<Node function:torch.nn.utils._expanded_weights.embedding_expanded_weights.EmbeddingPerSampleGrad.backward.weight_per_sample_grad> - 1
<Node method:torch.nn.cpp.OrderedDictWrapper.__len__> - 4
<Node method:torch.nn.parallel.distributed.DistributedDataParallel._set_sparse_metadata> - inf
<Node method:torch.nn.parallel.data_parallel.DataParallel.forward> - 2
<Node method:torch.nn.modules.container.ParameterDict.items> - 2
<Node method:torch.nn.modules.linear.LazyLinear.initialize_parameters> - 2
<Node class:torch.nn.modules.batchnorm.LazyBatchNorm1d> - 1
<Node method:torch.nn.cpp.OrderedDictWrapper.__contains__> - 4
<Node method:torch.nn.parallel.distributed.DistributedDataParallel.register_comm_hook> - inf
<Node function:torch.nn.functional.fractional_max_pool3d_with_indices> - 2
<Node method:torch.nn.parallel.distributed.DistributedDataParallel._update_process_group> - inf
<Node function:torch.nn.functional._fractional_max_pool3d> - 1
<Node method:torch.nn.modules.batchnorm.BatchNorm1d._check_input_dim> - 3
<Node method:torch.nn.cpp.OrderedDictWrapper.__getitem__> - 4
<Node method:torch.nn.modules.container.ParameterDict.keys> - 2
<Node method:torch.nn.cpp.ModuleWrapper.__init__> - 2
<Node method:torch.nn.parallel.distributed.DistributedDataParallel._setup_in_backward_optimizers> - inf
<Node method:torch.nn.modules.container.ParameterDict.fromkeys> - 2
<Node method:torch.nn.modules.batchnorm.LazyBatchNorm1d._check_input_dim> - 2
<Node method:torch.nn.modules.container.ParameterDict.get> - 2
<Node function:torch.nn.parallel.scatter_gather.gather> - 2
<Node method:torch.nn.modules.container.ParameterDict.popitem> - 2
<Node method:torch.nn.modules.rnn.LSTM.permute_hidden> - 2
<Node function:torch.nn.parallel.scatter_gather.scatter_kwargs> - 2
<Node method:torch.nn.modules.rnn.LSTM.check_forward_args> - 2
<Node function:torch.nn.parallel.distributed._cast_buffers> - inf
<Node method:torch.nn.parallel.distributed.DistributedDataParallel._root_copy_hook> - inf
<Node method:torch.nn.modules.container.ParameterDict.pop> - 2
<Node function:torch.nn.functional.max_pool1d_with_indices> - 1
<Node method:torch.nn.parallel.distributed.DistributedDataParallel._module_wait_for_copy_hook> - inf
<Node method:torch.nn.modules.container.ParameterDict.clear> - 2
<Node method:torch.nn.parallel.distributed.DistributedDataParallel._build_params_for_reducer> - inf
<Node function:torch.nn.utils.parametrize.type_before_parametrizations> - 1
<Node method:torch.nn.modules.container.ParameterDict.setdefault> - 2
<Node method:torch.nn.parallel.data_parallel.DataParallel.replicate> - 2
<Node function:torch.nn.utils.parametrize.is_parametrized> - 2
<Node function:torch.nn.utils.parametrize.remove_parametrizations> - 1
<Node method:torch.nn.modules.container.ParameterDict.__contains__> - 2
<Node function:torch.nn.functional._max_pool1d> - 1
<Node method:torch.nn.parallel.data_parallel.DataParallel.gather> - 2
<Node method:torch.nn.parallel.distributed.DistributedDataParallel._ddp_init_helper> - inf
<Node method:torch.nn.parallel.data_parallel.DataParallel.scatter> - 2
<Node method:torch.nn.modules.container.ParameterDict.__reversed__> - 2
<Node method:torch.nn.modules.rnn.LSTM.get_expected_cell_size> - 2
<Node method:torch.nn.modules.container.ParameterDict.copy> - 2
<Node method:torch.nn.modules.container.ParameterDict.__iter__> - 2
<Node method:torch.nn.parallel.distributed.DistributedDataParallel._register_delay_all_reduce_hook> - inf
<Node method:torch.nn.parallel.data_parallel.DataParallel.parallel_apply> - 2
<Node method:torch.nn.modules.container.ParameterDict.__len__> - 2
<Node method:torch.nn.modules.container.ParameterDict.__delitem__> - 2
<Node method:torch.nn.modules.container.ParameterDict.update> - 2
<Node method:torch.nn.modules.container.ParameterDict.__setitem__> - 2
<Node method:torch.nn.parallel.distributed.DistributedDataParallel._log_and_throw> - inf
<Node method:torch.nn.parallel.distributed.DistributedDataParallel._build_debug_param_to_name_mapping> - inf
<Node method:torch.nn.modules.container.ParameterDict._key_to_attr> - 2
<Node method:torch.nn.modules.container.ParameterDict.__getitem__> - 2
<Node method:torch.nn.modules.rnn.LSTM.__init__> - 2
<Node class:torch.nn.modules.rnn.GRU> - 1
<Node method:torch.nn.utils._named_member_accessor.NamedMemberAccessor.__init__> - 4
<Node method:torch.nn.modules.container.ParameterDict.__init__> - 2
<Node method:torch.nn.utils._named_member_accessor.NamedMemberAccessor.set_tensors> - 5
<Node method:torch.nn.modules.container.ParameterList.__call__> - 2
<Node function:torch.nn.utils.parametrize.transfer_parametrizations_and_params> - 1
<Node method:torch.nn.modules.rnn.RNN.forward> - 2
<Node method:torch.nn.modules.container.ParameterList.extra_repr> - 2
<Node method:torch.nn.parallel.distributed.DistributedDataParallel._delayed_all_reduce_hook> - inf
<Node method:torch.no_grad.__exit__> - 1
<Node method:torch.nn.modules.container.ParameterList.extend> - 2
<Node method:torch.no_grad.__enter__> - 1
<Node method:torch.nn.modules.container.ParameterList.append> - 2
<Node method:torch.nn.parallel.distributed.DistributedDataParallel.__init__> - inf
<Node method:torch.nn.modules.container.ParameterList.__dir__> - 2
<Node method:torch.nn.parallel.distributed._DDPJoinHook.post_hook> - inf
<Node method:torch.nn.utils._named_member_accessor.NamedMemberAccessor.get_tensors> - 5
<Node method:torch.nn.cpp.ModuleWrapper._apply> - 2
<Node method:torch.nn.modules.batchnorm.SyncBatchNorm.forward> - 2
<Node method:torch.nn.cpp.ModuleWrapper.training> - 2
<Node method:torch.nn.modules.batchnorm.SyncBatchNorm._check_non_zero_input_channels> - 2
<Node method:torch.nn.cpp.ModuleWrapper.__repr__> - 2
<Node method:torch.nn.modules.batchnorm.SyncBatchNorm._check_input_dim> - 2
<Node class:torch.nn.modules.distance.CosineSimilarity> - 1
<Node method:torch.nn.modules.distance.PairwiseDistance.__init__> - 3
<Node method:torch.nn.modules.batchnorm.SyncBatchNorm.__init__> - 2
<Node method:torch.nn.modules.distance.PairwiseDistance.forward> - 4
<Node method:torch.nn.utils._named_member_accessor.NamedMemberAccessor.get_submodule> - 5
<Node method:torch.nn.modules.batchnorm.LazyBatchNorm3d._check_input_dim> - 2
<Node method:torch.nn.utils._named_member_accessor.NamedMemberAccessor.get_tensor> - 5
<Node class:torch.nn.modules.batchnorm.SyncBatchNorm> - 1
<Node class:torch.nn.modules.dropout.Dropout2d> - 1
<Node method:torch.nn.modules.dropout.Dropout1d.forward> - 2
<Node function:torch.nn.modules.module.register_module_backward_hook> - 1
<Node function:torch.nn.modules.module.register_module_forward_hook> - 1
<Node method:torch.nn.modules.batchnorm.BatchNorm3d._check_input_dim> - 3
<Node class:torch.nn.modules.batchnorm.LazyBatchNorm3d> - 1
<Node method:torch.nn.utils._named_member_accessor.NamedMemberAccessor.set_tensor> - 5
<Node method:torch.nn.modules.batchnorm.LazyBatchNorm2d._check_input_dim> - 2
<Node function:torch.nn.modules.module.register_module_forward_pre_hook> - 1
<Node function:torch.nn.modules.module.register_module_module_registration_hook> - 1
<Node method:torch.nn.parallel.distributed._DDPJoinHook.main_hook> - inf
<Node class:torch.nn.modules.batchnorm.BatchNorm3d> - 2
<Node method:torch.nn.utils._named_member_accessor.NamedMemberAccessor.del_tensor> - 5
<Node method:torch.nn.modules.batchnorm.BatchNorm2d._check_input_dim> - 3
<Node function:torch.nn.modules.module.register_module_parameter_registration_hook> - 1
<Node method:torch.nn.utils._named_member_accessor.NamedMemberAccessor.swap_submodule> - 5
<Node class:torch.nn.modules.batchnorm.LazyBatchNorm2d> - 1
<Node method:torch.nn.modules.distance.CosineSimilarity.__init__> - 2
<Node method:torch.nn.utils._named_member_accessor.NamedMemberAccessor.swap_tensor> - 5
<Node function:torch.nn.modules.utils.consume_prefix_in_state_dict_if_present> - 1
<Node class:torch.nn.modules.batchnorm.BatchNorm2d> - 2
<Node method:torch.nn.modules.module.Module.train> - 3
<Node method:torch.nn.modules.loss.TripletMarginWithDistanceLoss.__init__> - 2
<Node method:torch.nn.modules.module.Module.eval> - 3
<Node function:torch.nn.functional.triplet_margin_loss> - 3
<Node method:torch.nn.modules.loss.TripletMarginWithDistanceLoss.forward> - 2
<Node method:torch.nn.modules.conv._LazyConvXdMixin.__init__> - 1
<Node method:torch.nn.modules.loss.CTCLoss.__init__> - 2
<Node method:torch.nn.utils.spectral_norm.SpectralNorm.compute_weight> - 3
<Node method:torch.nn.modules.module.Module.requires_grad_> - 3
<Node method:torch.nn.utils.spectral_norm.SpectralNorm.remove> - 3
<Node function:torch.nn.functional.triplet_margin_with_distance_loss> - 3
<Node method:torch.nn.modules.loss.CTCLoss.forward> - 2
<Node method:torch.nn.modules.module.Module.__repr__> - 3
<Node method:torch.nn.modules.module.Module.zero_grad> - 3
<Node method:torch.nn.modules.module.Module.extra_repr> - 3
<Node function:torch.nn.functional.ctc_loss> - 3
<Node method:torch.nn.modules.module.Module.share_memory> - 3
<Node class:torch.nn.modules.pixelshuffle.PixelShuffle> - 1
<Node class:torch.nn.modules.pixelshuffle.PixelUnshuffle> - 1
<Node function:torch.nn.init.calculate_gain> - 2
<Node method:torch.nn.modules.module.Module.compile> - 3
<Node method:torch.nn.modules.pixelshuffle.PixelShuffle.__init__> - 2
<Node method:torch.nn.modules.module.Module._replicate_for_data_parallel> - 3
<Node method:torch.nn.modules.pixelshuffle.PixelShuffle.forward> - 2
<Node method:torch.nn.modules.module.Module.__dir__> - 3
<Node method:torch.nn.utils.spectral_norm.SpectralNorm.__call__> - 3
<Node function:torch.nn.init._no_grad_zero_> - 4
<Node function:torch.nn.init._no_grad_trunc_normal_.norm_cdf> - 3
<Node method:torch.nn.utils.spectral_norm.SpectralNorm._solve_v_and_rescale> - 3
<Node function:torch.nn.init._no_grad_normal_> - 4
<Node function:torch.nn.init._no_grad_trunc_normal_> - 2
<Node function:torch.nn.init._no_grad_fill_> - 4
<Node function:torch.nn.init._no_grad_uniform_> - 4
<Node method:torch.nn.modules.pixelshuffle.PixelShuffle.extra_repr> - 2
<Node function:torch.nn.utils._expanded_weights.layer_norm_expanded_weights.LayerNormPerSampleGrad.backward.weight_per_sample_grad> - 1
<Node class:torch.nn.utils._expanded_weights.layer_norm_expanded_weights.LayerNormPerSampleGrad> - 1
<Node method:torch.nn.modules.pixelshuffle.PixelUnshuffle.__init__> - 2
<Node class:torch.nn.utils.spectral_norm.SpectralNormStateDictHook> - 2
<Node class:torch.nn.modules._functions.CrossMapLRN2d> - 3
<Node method:torch.nn.modules.instancenorm.InstanceNorm2d._check_input_dim> - 3
<Node method:torch.nn.modules.instancenorm.InstanceNorm2d._get_no_batch_dim> - 3
<Node method:torch.nn.utils.spectral_norm.SpectralNormLoadStateDictPreHook.__init__> - 3
<Node method:torch.nn.modules.module.Module.__init__> - 3
<Node class:torch.nn.modules.instancenorm.LazyInstanceNorm2d> - 1
<Node method:torch.nn.modules.instancenorm.LazyInstanceNorm1d._check_input_dim> - 2
<Node method:torch.nn.modules.instancenorm.LazyInstanceNorm1d._get_no_batch_dim> - 2
<Node class:torch.nn.modules.instancenorm.InstanceNorm2d> - 2
<Node method:torch.nn.modules.instancenorm.InstanceNorm1d._check_input_dim> - 3
<Node class:torch.nn.modules.instancenorm.LazyInstanceNorm1d> - 1
<Node method:torch.nn.modules.instancenorm.InstanceNorm1d._get_no_batch_dim> - 3
<Node class:torch.nn.modules._functions.BackwardHookFunction> - 1
<Node class:torch.nn.modules.conv.ConvTranspose1d> - 2
<Node method:torch.nn.modules.rnn.RNNBase._weights_have_changed> - 3
<Node method:torch.nn.modules.rnn.RNNBase.check_hidden_size> - 3
<Node method:torch.nn.modules.conv._ConvTransposeNd.__init__> - 3
<Node method:torch.nn.modules.conv.Conv3d.forward> - 3
<Node method:torch.nn.modules.rnn.RNNBase.check_forward_args> - 3
<Node method:torch.nn.modules.rnn.RNNBase.permute_hidden> - 3
<Node method:torch.nn.modules.module.Module.register_buffer> - 3
<Node method:torch.nn.modules.rnn.RNNBase._update_flat_weights> - 3
<Node function:torch.nn.utils.clip_grad.clip_grad_norm> - 1
<Node method:torch.nn.modules.module.Module.register_parameter> - 3
<Node method:torch.nn.modules.rnn.RNNBase.extra_repr> - 3
<Node method:torch.nn.modules.rnn.RNNBase.__getstate__> - 3
<Node function:torch.nn.utils.clip_grad.clip_grad_norm_> - 2
<Node function:torch.nn.utils.clip_grad.clip_grad_value_> - 1
<Node method:torch.nn.modules.module.Module.add_module> - 3
<Node method:torch.nn.modules.rnn.RNNBase.__setstate__> - 3
<Node method:torch.nn.modules.rnn.RNNBase.all_weights> - 3
<Node method:torch.nn.modules.rnn.RNNBase._replicate_for_data_parallel> - 3
<Node class:torch.nn.modules.rnn.LSTM> - 1
<Node function:torch.nn.init.trunc_normal_> - 1
<Node method:torch.nn.modules.rnn.RNN.__init__> - 2
<Node function:torch.nn.utils.rnn.unpack_sequence> - 1
<Node function:torch.nn.utils.rnn.pack_sequence> - 1
<Node function:torch.nn.init.eye_> - 1
<Node function:torch.nn.init.dirac_> - 1
<Node function:torch.nn.utils.rnn.unpad_sequence> - 2
<Node function:torch.nn.modules.module._forward_unimplemented> - 3
<Node function:torch.nn.utils._expanded_weights.conv_utils.unfold3d> - 4
<Node function:torch.nn.modules.module.register_module_full_backward_hook> - 1
<Node function:torch.nn.init._calculate_correct_fan> - 2
<Node method:torch.nn.utils.spectral_norm.SpectralNormLoadStateDictPreHook.__call__> - 3
<Node function:torch.nn.modules.module.register_module_full_backward_pre_hook> - 1
<Node function:torch.nn.utils.spectral_norm.spectral_norm> - 1
<Node function:torch.nn.utils.rnn.pad_sequence> - 2
<Node method:torch.nn.utils.spectral_norm.SpectralNormStateDictHook.__init__> - 3
<Node method:torch.nn.utils.spectral_norm.SpectralNormStateDictHook.__call__> - 3
<Node function:torch.nn.init.kaiming_normal_> - 1
<Node method:torch.nn.modules.padding.ZeroPad3d.extra_repr> - 2
<Node function:torch.nn.utils.rnn.pad_packed_sequence> - 2
<Node function:torch.nn.utils.rnn.pack_padded_sequence> - 2
<Node function:torch.nn.utils.spectral_norm.remove_spectral_norm> - 1
<Node function:torch.nn.init.orthogonal_> - 1
<Node method:torch.nn.modules.padding.ZeroPad3d.__init__> - 2
<Node method:torch.nn.modules.conv.Conv2d.__init__> - 3
<Node method:torch.nn.modules.padding.ZeroPad2d.extra_repr> - 2
<Node method:torch.nn.utils.rnn.PackedSequence.__init__> - 1
<Node function:torch.nn.init.sparse_> - 1
<Node class:torch.nn.modules.padding.ZeroPad3d> - 1
<Node method:torch.nn.modules.padding.ZeroPad2d.__init__> - 2
<Node method:torch.nn.modules.conv.Conv2d._conv_forward> - 3
<Node method:torch.nn.modules.padding.ZeroPad1d.extra_repr> - 2
<Node function:torch.nn.utils.rnn.invert_permutation> - 5
<Node method:torch.nn.modules.padding.ZeroPad1d.__init__> - 2
<Node function:torch.nn.utils.rnn._packed_sequence_init> - 3
<Node method:torch.nn.utils.rnn.PackedSequence.is_pinned> - 4
<Node function:torch.nn.init._make_deprecate> - 1
<Node method:torch.nn.utils.rnn.PackedSequence.is_cuda> - 4
<Node method:torch.nn.modules.conv.Conv3d._conv_forward> - 3
<Node method:torch.nn.utils.rnn.PackedSequence.byte> - 4
<Node method:torch.nn.modules.padding.ReplicationPad1d.__init__> - 2
<Node method:torch.nn.utils.rnn.PackedSequence.char> - 4
<Node method:torch.nn.modules.module.Module.register_module> - 3
<Node class:torch.nn.modules.conv._ConvTransposeNd> - 2
<Node class:torch.nn.modules.padding.ReplicationPad3d> - 1
<Node method:torch.nn.modules.padding.ReplicationPad2d.__init__> - 2
<Node method:torch.nn.modules.module.Module.get_submodule> - 3
<Node method:torch.nn.modules.conv.Conv3d.__init__> - 3
<Node class:torch.nn.modules.padding.ZeroPad1d> - 1
<Node method:torch.nn.modules.conv.Conv2d.forward> - 3
<Node method:torch.nn.modules.padding.ReplicationPad3d.__init__> - 2
<Node class:torch.nn.modules.padding.ZeroPad2d> - 1
<Node method:torch.nn.modules.module.Module.get_parameter> - 3
<Node function:torch.nn.init._make_deprecate.deprecated_init> - 2
<Node method:torch.nn.modules._functions.SyncBatchNorm.__init__> - 1
<Node class:torch.nn.modules.module._IncompatibleKeys> - 4
<Node class:torch.nn.modules.conv.Conv3d> - 2
<Node method:torch.nn.modules.conv.Conv1d.forward> - 3
<Node method:torch.nn.modules.conv.Conv1d.__init__> - 3
<Node method:torch.nn.modules.conv.Conv1d._conv_forward> - 3
<Node function:torch.nn.init.uniform_> - 3
<Node function:torch.nn.init._calculate_fan_in_and_fan_out> - 3
<Node class:torch.nn.modules.pooling._MaxPoolNd> - 2
<Node class:torch.nn.modules.pooling.MaxPool1d> - 1
<Node method:torch.nn.modules.pooling._MaxPoolNd.__init__> - 3
<Node method:torch.nn.modules.pooling.MaxPool1d.forward> - 2
<Node method:torch.nn.modules.pooling._MaxPoolNd.extra_repr> - 3
<Node class:torch.nn.modules.pooling.MaxPool2d> - 1
<Node function:torch.nn.modules.module._addindent> - 4
<Node class:torch.nn.modules.pooling.MaxPool3d> - 1
<Node method:torch.nn.modules.pooling.MaxPool2d.forward> - 2
<Node method:torch.nn.modules.module._IncompatibleKeys.__repr__> - 5
<Node function:torch.nn.functional._threshold> - 3
<Node class:torch.nn.modules.module._WrappedHook> - 4
<Node class:torch.nn.modules.pooling._MaxUnpoolNd> - 2
<Node method:torch.nn.modules.pooling.MaxPool3d.forward> - 2
<Node function:torch.nn.grad.conv1d_input> - 1
<Node function:torch.nn.grad.conv1d_weight> - 1
<Node function:torch.nn.grad.conv2d_input> - 1
<Node class:torch.nn.modules.pooling.MaxUnpool1d> - 1
<Node method:torch.nn.modules.pooling._MaxUnpoolNd.extra_repr> - 3
<Node function:torch.nn.grad.conv2d_weight> - 1
<Node class:torch.nn.modules.pooling.MaxUnpool2d> - 1
<Node method:torch.nn.modules.pooling.MaxUnpool1d.__init__> - 2
<Node function:torch.nn.grad.conv3d_input> - 1
<Node class:torch.nn.modules.conv.Conv2d> - 2
<Node method:torch.nn.modules.pooling.MaxUnpool1d.forward> - 2
<Node method:torch.nn.modules.module._WrappedHook.__init__> - 4
<Node function:torch.nn.modules.module.register_module_buffer_registration_hook> - 1
<Node method:torch.nn.utils.prune.L1Unstructured.compute_mask> - 2
<Node function:torch.nn.init.kaiming_uniform_> - 4
<Node method:torch.nn.modules.module._WrappedHook.__call__> - 5
<Node function:torch.nn.grad.conv3d_weight> - 1
<Node class:torch.nn.utils.prune.LnStructured> - 1
<Node method:torch.nn.utils.prune.RandomStructured.__init__> - 2
<Node method:torch.nn.modules.conv._ConvNd.reset_parameters> - 4
<Node function:torch.nn.utils.memory_format.convert_conv2d_weight_memory_format> - 1
<Node method:torch.nn.modules.conv._ConvNd.__setstate__> - 4
<Node method:torch.nn.modules.conv._ConvNd.extra_repr> - 4
<Node method:torch.nn.utils.prune.RandomStructured.compute_mask> - 2
<Node method:torch.nn.modules.module._WrappedHook.__getstate__> - 5
<Node function:torch.nn.utils.prune.RandomStructured.compute_mask.make_mask> - 3
<Node class:torch.nn.utils.prune.CustomFromMask> - 1
<Node method:torch.nn.utils.prune.LnStructured.__init__> - 2
<Node method:torch.nn.modules.module.Module._get_backward_pre_hooks> - 3
<Node method:torch.nn.modules.module.Module.register_forward_pre_hook> - 3
<Node class:torch.nn.modules.conv._ConvNd> - 3
<Node method:torch.nn.modules.module.Module._maybe_warn_non_full_backward_hook> - 3
<Node method:torch.nn.modules.module.Module.register_forward_hook> - 3
<Node method:torch.nn.utils.prune.LnStructured.compute_mask> - 2
<Node function:torch.nn.utils.prune.LnStructured.compute_mask.make_mask> - 3
<Node function:torch.nn.utils.prune.identity> - 1
<Node function:torch.nn.modules.utils._reverse_repeat_tuple> - 4
<Node method:torch.nn.utils.prune.CustomFromMask.__init__> - 2
<Node method:torch.nn.modules.module.Module._slow_forward> - 3
<Node function:torch.nn.functional.relu6> - 1
<Node function:torch.nn.utils._expanded_weights.conv_utils.conv_normalizer> - 2
<Node function:torch.nn.utils._expanded_weights.conv_utils.conv_group_weight_grad_sample> - 3
<Node method:torch.nn.modules.module.Module._wrapped_call_impl> - 3
<Node method:torch.nn.parameter.UninitializedParameter.__deepcopy__> - 4
<Node method:torch.nn.utils.prune.CustomFromMask.compute_mask> - 2
<Node method:torch.nn.modules.module.Module.__getstate__> - 3
<Node function:torch.nn.utils.prune.random_unstructured> - 1
<Node method:torch.nn.modules.module.Module.__setstate__> - 3
<Node method:torch.nn.parameter.UninitializedParameter.__new__> - 4
<Node method:torch.nn.modules.module.Module._call_impl> - 3
<Node method:torch.nn.parameter.UninitializedTensorMixin.__repr__> - 5
<Node function:torch.nn.utils.prune.l1_unstructured> - 1
<Node method:torch.nn.modules.module.Module.__getattr__> - 3
<Node method:torch.nn.parameter.UninitializedTensorMixin.__reduce_ex__> - 5
<Node function:torch.nn.utils.prune.random_structured> - 1
<Node class:torch.nn.modules.loss._Loss> - 2
<Node class:torch.nn.modules.distance.PairwiseDistance> - 3
<Node method:torch.nn.parameter.UninitializedTensorMixin.share_memory_> - 5
<Node function:torch.nn.utils.prune.ln_structured> - 1
<Node method:torch.nn.modules.module._WrappedHook.__setstate__> - 5
<Node class:torch.nn.modules.loss._WeightedLoss> - 2
<Node method:torch.nn.parameter.UninitializedTensorMixin.shape> - 5
<Node method:torch.nn.modules.loss._Loss.__init__> - 3
<Node function:torch.nn.utils.prune.global_unstructured> - 1
<Node method:torch.nn.parameter.UninitializedTensorMixin.materialize> - 3
<Node class:torch.nn.modules.loss.L1Loss> - 1
<Node method:torch.nn.modules.loss._WeightedLoss.__init__> - 3
<Node class:torch.nn.modules.loss.NLLLoss> - 2
<Node function:torch.nn.utils.prune.custom_from_mask> - 2
<Node method:torch.nn.modules.module.Module.__setattr__> - 3
<Node method:torch.nn.modules.loss.L1Loss.__init__> - 2
<Node function:torch.nn._reduction.legacy_get_string> - 4
<Node method:torch.nn.parameter.Parameter.__reduce_ex__> - 3
<Node method:torch.nn.modules.module.Module.__delattr__> - 3
<Node function:torch.nn.modules.module.Module.__setattr__.remove_from> - 4
<Node method:torch.nn.modules.loss.L1Loss.forward> - 2
<Node method:torch.nn.modules.loss.NLLLoss.__init__> - 3
<Node method:torch.nn.modules.module.Module._register_state_dict_hook> - 3
<Node class:torch.nn.modules.loss.NLLLoss2d> - 1
<Node method:torch.nn.parameter.Parameter.__repr__> - 3
<Node method:torch.nn.parameter.Parameter.__deepcopy__> - 3
<Node method:torch.nn.modules.module.Module.register_state_dict_pre_hook> - 3
<Node function:torch.nn.functional.l1_loss> - 3
<Node method:torch.nn.modules.module.Module._save_to_state_dict> - 3
<Node method:torch.nn.parameter.Parameter.__new__> - 3
<Node method:torch.nn.modules.loss.NLLLoss2d.__init__> - 2
<Node method:torch.nn.modules.loss.NLLLoss.forward> - 3
<Node method:torch.nn.modules.module.Module.state_dict> - 3
<Node function:torch.nn.utils._expanded_weights.conv_utils.conv_padding_for_same> - 3
<Node method:torch.nn.parameter._ParameterMeta.__instancecheck__> - 2
<Node function:torch.nn.utils._expanded_weights.conv_utils.int_padding_for_string_padding> - 2
<Node class:torch.nn.modules.loss.PoissonNLLLoss> - 1
<Node method:torch.nn.modules.module.Module._register_load_state_dict_pre_hook> - 3
<Node function:torch.nn.utils._expanded_weights.conv_utils.int_padding_for_string_padding.get_dilation> - 3
<Node class:torch.nn.parameter._ParameterMeta> - 1
<Node function:torch.nn.functional.nll_loss> - 4
<Node class:torch.nn.modules.loss.GaussianNLLLoss> - 1
<Node class:torch.nn.parameter.UninitializedTensorMixin> - 4
<Node method:torch.nn.modules.loss.PoissonNLLLoss.__init__> - 2
<Node method:torch.nn.modules.module.Module.register_load_state_dict_post_hook> - 3
<Node method:torch.nn.modules.loss.GaussianNLLLoss.__init__> - 2
<Node method:torch.nn.modules.loss.PoissonNLLLoss.forward> - 2
<Node method:torch.nn.parameter.UninitializedBuffer.__new__> - 5
<Node class:torch.nn.modules.loss.KLDivLoss> - 1
<Node method:torch.nn.modules.module.Module._load_from_state_dict> - 3
<Node function:torch.nn.functional.adaptive_max_pool1d_with_indices> - 2
<Node class:torch.nn.modules.padding.ReplicationPad2d> - 1
<Node method:torch.nn.modules.module.Module.load_state_dict> - 3
<Node method:torch.nn.modules.padding._ReplicationPadNd.extra_repr> - 3
<Node method:torch.nn.modules.flatten.Flatten.forward> - 2
<Node function:torch.nn.backends.thnn._get_thnn_function_backend> - 1
<Node function:torch.nn.modules.module.Module.load_state_dict.load> - 4
<Node method:torch.nn.modules.padding._ReplicationPadNd.forward> - 3
<Node method:torch.nn.modules.module.Module._named_members> - 3
<Node method:torch.nn.modules.flatten.Flatten.__init__> - 2
<Node class:torch.nn.modules.padding.ReplicationPad1d> - 1
<Node method:torch.nn.modules.padding.ReflectionPad3d.__init__> - 2
<Node function:torch.nn.functional._adaptive_max_pool1d> - 1
<Node class:torch.nn.modules.padding._ReplicationPadNd> - 2
<Node method:torch.nn.modules.padding.ReflectionPad2d.__init__> - 2
<Node class:torch.nn.modules.padding.ReflectionPad3d> - 1
<Node method:torch.nn.modules.flatten.Flatten.extra_repr> - 2
<Node method:torch.nn.modules.flatten.Unflatten.__init__> - 2
<Node function:torch.nn.functional.adaptive_max_pool2d_with_indices> - 2
<Node class:torch.nn.modules.padding.ReflectionPad2d> - 1
<Node function:torch.nn.utils._expanded_weights.conv_utils.conv_unfold_weight_grad_sample> - 3
<Node method:torch.nn.modules.padding.ReflectionPad1d.__init__> - 2
<Node function:torch.nn.functional._adaptive_max_pool2d> - 1
<Node function:torch.nn.utils._expanded_weights.conv_utils.conv_backward.weight_grad_sample> - 2
<Node method:torch.nn.modules.flatten.Unflatten.forward> - 2
<Node method:torch.nn.modules.padding._ReflectionPadNd.extra_repr> - 3
<Node method:torch.nn.modules.flatten.Unflatten.extra_repr> - 2
<Node method:torch.nn.cpp.OrderedDictWrapper.items> - 4
<Node method:torch.nn.modules.module.Module.parameters> - 3
<Node function:torch.nn.utils._expanded_weights.conv_utils.conv_backward.expand> - 2
<Node method:torch.nn.cpp.OrderedDictWrapper.values> - 4
<Node method:torch.nn.modules.flatten.Unflatten._require_tuple_int> - 2
<Node class:torch.nn.modules.padding._ReflectionPadNd> - 2
<Node method:torch.nn.modules.padding.ConstantPad3d.__init__> - 3
<Node method:torch.nn.cpp.OrderedDictWrapper.keys> - 4
<Node function:torch.nn.utils._expanded_weights.conv_utils.conv_backward.calc_total_padding> - 2
<Node method:torch.nn.modules.flatten.Unflatten._require_tuple_tuple> - 2
<Node function:torch.nn.functional.adaptive_max_pool3d_with_indices> - 2
<Node function:torch.nn.functional._adaptive_max_pool3d> - 1
<Node class:torch.nn.modules.padding.ReflectionPad1d> - 1
<Node method:torch.nn.modules.padding.ConstantPad2d.__init__> - 3
<Node method:torch.nn.modules.padding._ReflectionPadNd.forward> - 3
<Node class:torch.nn.modules.padding.ConstantPad3d> - 2
<Node method:torch.nn.modules.module._IncompatibleKeys.__init__> - 1
<Node class:torch.nn.modules.padding.ConstantPad2d> - 2
<Node method:torch.nn.modules.padding.ConstantPad1d.__init__> - 3
<Node method:torch.nn.modules.padding._ConstantPadNd.extra_repr> - 4
<Node class:torch.nn.modules.conv.Conv1d> - 2
<Node method:torch.nn.modules.module.Module.named_modules> - 3
<Node method:torch.nn.modules.conv._ConvNd._conv_forward> - 4
<Node method:torch.nn.modules.module.Module.buffers> - 3
<Node method:torch.nn.modules.conv._ConvNd.__init__> - 4
<Node method:torch.nn.modules.module.Module.named_parameters> - 3
<Node method:torch.nn.modules.module.Module.named_buffers> - 3
<Node method:torch.nn.modules.module.Module.modules> - 3
<Node function:torch.nn.utils.parametrize._inject_property.set_original> - 4
<Node function:torch.nn.utils.parametrize._inject_property.get_parametrized> - 4
<Node function:torch.nn.utils.parametrize._inject_property.get_cached_parametrization> - 4
<Node class:torch.nn.utils.weight_norm.WeightNorm> - 2
<Node function:torch.nn.utils.weight_norm.weight_norm> - 1
<Node function:torch.nn.utils._named_member_accessor.swap_submodule> - 1
<Node method:torch.nn.utils.weight_norm.WeightNorm.__init__> - 3
<Node function:torch.nn.functional._get_softmax_dim> - 4
<Node function:torch.nn.utils._named_member_accessor.swap_tensor> - 1
<Node function:torch.nn.functional.group_norm> - 3
<Node method:torch.nn.utils.weight_norm.WeightNorm.compute_weight> - 3
<Node method:torch.nn.modules.normalization.GroupNorm.extra_repr> - 2
<Node method:torch.nn.utils.weight_norm.WeightNorm.remove> - 3
<Node method:torch.nn.modules.normalization.GroupNorm.reset_parameters> - 2
<Node function:torch.nn.utils._named_member_accessor.set_tensor> - 1
<Node method:torch.nn.parameter.Parameter.__init__> - 1
<Node function:torch.nn.functional.gumbel_softmax> - 1
<Node method:torch.nn.modules.normalization.GroupNorm.forward> - 2
<Node method:torch.nn.utils.weight_norm.WeightNorm.__call__> - 3
<Node method:torch.nn.utils._expanded_weights.expanded_weights_impl.ExpandedWeight.set_batch_first> - 3
<Node method:torch.nn.modules.normalization.GroupNorm.__init__> - 2
<Node method:torch.nn.utils._expanded_weights.expanded_weights_impl.ExpandedWeight.set_allow_smaller_batches> - 3
<Node function:torch.nn.functional.layer_norm> - 2
<Node method:torch.nn.modules.normalization.LayerNorm.extra_repr> - 4
<Node function:torch.nn.functional.tanh> - 1
<Node function:torch.nn.utils.weight_norm.remove_weight_norm> - 1
<Node class:torch.nn.utils._expanded_weights.linear_expanded_weights.LinearPerSampleGrad> - 1
<Node method:torch.nn.modules.normalization.LayerNorm.reset_parameters> - 4
<Node method:torch.nn.modules.normalization.LayerNorm.forward> - 4
<Node function:torch.nn.functional.sigmoid> - 1
<Node method:torch.nn.modules.normalization.LayerNorm.__init__> - 4
<Node class:torch.nn.modules.normalization.GroupNorm> - 1
<Node method:torch.nn.modules.normalization.CrossMapLRN2d.extra_repr> - 2
<Node method:torch.nn.modules.normalization.CrossMapLRN2d.forward> - 2
<Node method:torch.nn.modules.normalization.CrossMapLRN2d.__init__> - 2
<Node function:torch.nn.functional.local_response_norm> - 3
<Node class:torch.nn.modules.normalization.LayerNorm> - 3
<Node method:torch.nn.modules.normalization.LocalResponseNorm.extra_repr> - 2
<Node method:torch.nn.modules.normalization.LocalResponseNorm.forward> - 2
<Node function:torch.nn.functional._no_grad_embedding_renorm_> - 4
<Node method:torch.nn.modules.normalization.LocalResponseNorm.__init__> - 2
<Node class:torch.nn.modules.normalization.CrossMapLRN2d> - 1
<Node class:torch.nn.modules.normalization.LocalResponseNorm> - 1
<Node function:torch.nn.functional._verify_batch_size> - 4
<Node class:torch.nn.utils.parametrize.ParametrizationList> - 3
<Node function:torch.nn.utils.parametrize._inject_new_class> - 3
<Node function:torch.nn.utils.parametrize.cached> - 1
<Node method:torch.nn.utils.parametrize.ParametrizationList.__init__> - 3
<Node function:torch.nn.factory_kwargs> - 1
<Node function:torch.nn.functional._verify_spatial_size> - 5
<Node function:torch.nn.utils.parametrize._register_parameter_or_buffer> - 2
<Node method:torch.nn.modules.rnn.RNNCellBase.reset_parameters> - 3
<Node method:torch.nn.modules.rnn.RNNCell.__init__> - 2
<Node class:torch.nn.modules.rnn.LSTMCell> - 1
<Node method:torch.nn.utils.parametrize.ParametrizationList.right_inverse> - 4
<Node method:torch.nn.utils.parametrize.ParametrizationList.forward> - 4
<Node method:torch.nn.modules.rnn.RNNCell.forward> - 2
<Node function:torch.nn.utils.parametrize._inject_new_class.default_deepcopy> - 4
<Node function:torch.nn.utils.parametrize._inject_property> - 3
<Node function:torch.nn.utils.parametrize._inject_new_class.getstate> - 4
<Node method:torch.nn.modules.rnn.LSTMCell.__init__> - 2
<Node class:torch.nn.modules.activation.SELU> - 1
<Node function:torch.nn.functional.elu> - 3
<Node method:torch.nn.modules.activation.CELU.__init__> - 2
<Node method:torch.nn.modules.activation.CELU.forward> - 2
<Node method:torch.nn.modules.activation.CELU.extra_repr> - 2
<Node class:torch.nn.modules.activation.GLU> - 1
<Node function:torch.nn.functional.celu> - 3
<Node method:torch.nn.modules.activation.SELU.__init__> - 2
<Node method:torch.nn.modules.activation.SELU.forward> - 2
<Node method:torch.nn.modules.activation.SELU.extra_repr> - 2
<Node class:torch.nn.modules.activation.GELU> - 1
<Node method:torch.nn.modules.activation.GLU.__init__> - 2
<Node function:torch.nn.functional.selu> - 3
<Node method:torch.nn.modules.activation.GLU.forward> - 2
<Node method:torch.nn.modules.activation.GLU.extra_repr> - 2
<Node class:torch.nn.modules.activation.Hardshrink> - 1
<Node method:torch.nn.modules.activation.GELU.__init__> - 2
<Node function:torch.nn.functional.glu> - 3
<Node method:torch.nn.modules.activation.GELU.forward> - 2
<Node function:torch.nn.functional.unfold> - 3
<Node method:torch.nn.modules.fold.Unfold.extra_repr> - 2
<Node method:torch.nn.modules.activation.GELU.extra_repr> - 2
<Node class:torch.nn.modules.activation.LeakyReLU> - 1
<Node method:torch.nn.modules.activation.Hardshrink.__init__> - 2
<Node method:torch.nn.modules.fold.Unfold.forward> - 2
<Node class:Constant> - 1
<Node method:torch.nn.modules.activation.Hardshrink.forward> - 2
<Node function:torch.nn.functional.fold> - 3
<Node method:torch.nn.modules.fold.Unfold.__init__> - 2
<Node method:torch.nn.modules.activation.Hardshrink.extra_repr> - 2
<Node method:torch.nn.modules.fold.Fold.extra_repr> - 2
<Node class:torch.nn.modules.activation.LogSigmoid> - 1
<Node method:torch.nn.modules.activation.LeakyReLU.__init__> - 2
<Node method:torch.nn.modules.fold.Fold.forward> - 2
<Node method:torch.nn.modules.activation.LeakyReLU.forward> - 2
<Node method:torch.nn.modules.fold.Fold.__init__> - 2
<Node function:torch.nn.functional.soft_margin_loss> - 3
<Node class:torch.nn.modules.fold.Unfold> - 1
<Node method:torch.nn.modules.activation.LeakyReLU.extra_repr> - 2
<Node method:torch.nn.modules.loss.CrossEntropyLoss.__init__> - 2
<Node class:torch.nn.modules.fold.Fold> - 1
<Node class:torch.nn.modules.activation.Softplus> - 1
<Node function:torch.nn.functional.leaky_relu> - 3
<Node method:torch.nn.modules.activation.LogSigmoid.forward> - 2
<Node method:torch.nn.modules.module.Module.get_buffer> - 3
<Node class:torch.nn.modules.activation.Softshrink> - 1
<Node method:torch.nn.modules.module.Module.get_extra_state> - 3
<Node method:torch.nn.modules.activation.Softplus.__init__> - 2
<Node function:torch.nn.modules.activation._check_arg_device> - 7
<Node method:torch.nn.modules.activation.Softplus.extra_repr> - 2
<Node method:torch.nn.modules.module.Module._get_name> - 3
<Node method:torch.nn.modules.loss.MultiLabelSoftMarginLoss.__init__> - 2
<Node method:torch.nn.modules.module.Module.set_extra_state> - 3
<Node method:torch.nn.modules.loss.CrossEntropyLoss.forward> - 2
<Node method:torch.nn.modules.activation.Softplus.forward> - 2
<Node function:torch.nn.utils._deprecation_utils.lazy_deprecated_import> - 1
<Node method:torch.nn.modules.module.Module._apply> - 3
<Node method:torch.nn.modules.activation.Softshrink.__init__> - 2
<Node method:torch.nn.modules.module.Module.apply> - 3
<Node function:torch.nn.modules.module.Module._apply.compute_should_use_set_data> - 4
<Node method:torch.nn.modules.activation.Softshrink.forward> - 2
<Node function:torch.nn.utils._deprecation_utils.lazy_deprecated_import.getattr_dunder> - 2
<Node method:torch.nn.modules.module.Module.cuda> - 3
<Node method:torch.nn.modules.activation.Softshrink.extra_repr> - 2
<Node method:torch.nn.modules.module.Module.children> - 3
<Node function:torch.nn.modules.activation._arg_requires_grad> - 7
<Node function:torch.nn.utils.init.skip_init> - 1
<Node function:torch.nn.modules.activation._is_make_fx_tracing> - 7
<Node class:torch.nn.modules.flatten.Unflatten> - 1
<Node class:torch.nn.modules.flatten.Flatten> - 1
<Node method:torch.cuda.amp.autocast.__exit__> - 1
<Node class:torch.nn.modules.activation.MultiheadAttention> - 5
<Node method:threading.Lock.__enter__> - 1
<Node method:threading.Lock.__exit__> - 1
<Node method:torch.cuda.amp.autocast.__enter__> - 1
<Node class:torch.nn.modules.loss.CosineEmbeddingLoss> - 1
<Node class:torch.nn.modules.activation.PReLU> - 1
<Node method:torch.nn.modules.module.Module.ipu> - 3
<Node method:torch.nn.modules.activation.MultiheadAttention.__init__> - 5
<Node method:torch.nn.modules.module.Module.xpu> - 3
<Node function:torch.nn.functional.cross_entropy> - 3
<Node method:torch.nn.modules.loss.MultiLabelSoftMarginLoss.forward> - 2
<Node method:torch.nn.modules.loss.CosineEmbeddingLoss.__init__> - 2
<Node method:torch.nn.modules.module.Module.cpu> - 3
<Node class:torch.nn.modules.loss.MarginRankingLoss> - 1
<Node method:torch.nn.modules.module.Module.type> - 3
<Node function:torch.nn.functional.multilabel_soft_margin_loss> - 3
<Node function:torch.nn.parallel.parallel_apply.parallel_apply._worker> - 3
<Node method:torch.nn.modules.module.Module.float> - 3
<Node method:torch.nn.modules.module.Module.double> - 3
<Node method:torch.nn.modules.module.Module.half> - 3
<Node method:torch.nn.modules.module.Module.bfloat16> - 3
<Node function:torch.nn.parallel.parallel_apply.get_a_var> - 4
<Node method:torch.nn.modules.module.Module.to_empty> - 3
<Node method:torch.nn.modules.module.Module.to> - 3
<Node method:torch.nn.modules.rnn.GRUCell.forward> - 2
<Node function:torch.nn.modules.module.Module.to.convert> - 4
<Node method:torch.nn.modules.module.Module.register_full_backward_pre_hook> - 3
<Node method:torch.nn.modules.module.Module.register_backward_hook> - 3
<Node method:torch.nn.modules.module.Module.register_full_backward_hook> - 3
<Node method:torch.nn.modules.rnn.GRUCell.__init__> - 2
<Node method:torch.nn.modules.module.Module._get_backward_hooks> - 3
<Node method:torch.nn.modules.rnn.LSTMCell.forward> - 2
<Node class:torch.nn.modules.rnn.GRUCell> - 1
<Node method:torch.nn.parallel.distributed.DistributedDataParallel._sync_buffers> - inf
<Node function:torch.nn.utils._expanded_weights.expanded_weights_utils.set_grad_sample_if_exists> - 2
<Node method:torch.nn.parallel.distributed.DistributedDataParallel.forward> - inf
<Node method:torch.nn.parallel._functions.Scatter.__init__> - 1
<Node function:torch.nn.utils._expanded_weights.expanded_weights_utils.standard_kwargs> - 1
<Node function:torch.nn.utils._expanded_weights.expanded_weights_utils.unpack_expanded_weight_or_tensor> - 2
<Node function:torch.nn.parallel.comm.broadcast> - 1
<Node function:torch.nn.parallel.comm.broadcast_coalesced> - 4
<Node function:torch.nn.modules.rnn._apply_permutation> - 2
<Node method:torch.nn.parallel.distributed.DistributedDataParallel._check_sync_bufs_pre_fwd> - inf
<Node function:torch.nn.parallel.comm.reduce_add> - 2
<Node method:torch.nn.parallel.distributed.DistributedDataParallel._post_forward> - inf
<Node function:torch.nn.parallel.comm.reduce_add_coalesced> - 1
<Node method:torch.nn.parallel.distributed.DistributedDataParallel._pre_forward> - inf
<Node class:torch.nn.utils.rnn.PackedSequence> - 3
<Node method:torch.nn.parallel.distributed.DistributedDataParallel._inside_ddp_forward.__exit__> - 1
<Node method:torch.nn.parallel.distributed.DistributedDataParallel._inside_ddp_forward.__enter__> - 1
<Node function:torch.nn.parallel.comm.scatter> - 1
<Node method:torch.nn.parallel.distributed.DistributedDataParallel._lazy_init> - inf
<Node method:torch.nn.parallel.distributed.DistributedDataParallel._clear_grad_buffer> - inf
<Node method:torch.nn.parallel.distributed.DistributedDataParallel._run_ddp_forward> - inf
<Node function:torch.nn.parallel.comm.gather> - 1
<Node method:torch.nn.parallel.distributed.DistributedDataParallel._inside_ddp_forward> - inf
<Node method:torch.nn.modules.activation.RReLU.extra_repr> - 2
<Node method:torch.nn.modules.activation.RReLU.forward> - 2
<Node function:torch.nn.functional.relu> - 3
<Node method:torch.nn.utils.spectral_norm.SpectralNorm.reshape_weight_to_matrix> - 3
<Node method:torch.nn.parallel.distributed.DistributedDataParallel.no_sync> - inf
<Node method:torch.nn.modules.activation.RReLU.__init__> - 2
<Node class:torch.nn.modules.activation.Hardtanh> - 2
<Node function:torch.nn.parallel.distributed.DistributedDataParallel._get_parameters.model_parameters> - inf
<Node method:torch.nn.modules.activation.ReLU.extra_repr> - 2
<Node method:torch.nn.modules.activation.ReLU.forward> - 2
<Node function:torch.nn.utils._per_sample_grad.call_for_per_sample_grads> - 1
<Node function:torch.nn.utils._per_sample_grad.call_for_per_sample_grads.maybe_build_expanded_weight> - 2
<Node function:torch.nn.utils._per_sample_grad.call_for_per_sample_grads.compute_batch_size> - 2
<Node method:torch.nn.parallel.distributed.DistributedDataParallel._assign_modules_buffers> - inf
<Node function:torch.nn.utils._per_sample_grad.call_for_per_sample_grads.wrapper> - 2
<Node method:torch.nn.parallel.distributed.DistributedDataParallel._get_parameters> - inf
<Node function:torch.nn.utils._expanded_weights.expanded_weights_utils.forward_helper> - 1
<Node function:torch.nn.parallel.distributed.DistributedDataParallel._build_params_for_reducer.produces_sparse_gradient> - inf
<Node function:torch.nn.utils._expanded_weights.expanded_weights_impl.implements_per_sample_grads> - 1
<Node method:torch.nn.modules.activation.ELU.extra_repr> - 2
<Node class:torch.nn.utils._expanded_weights.instance_norm_expanded_weights.InstanceNormPerSampleGrad> - 1
<Node method:torch.nn.parallel.distributed.DistributedDataParallel._check_default_group> - inf
<Node method:torch.nn.parallel.distributed.DistributedDataParallel._passing_sync_batchnorm_handle> - inf
<Node method:torch.nn.modules.activation.ELU.forward> - 2
<Node function:torch.nn.functional.hardswish> - 3
<Node method:torch.nn.parallel.distributed.DistributedDataParallel.__setstate__> - inf
<Node class:torch.nn.modules.activation.CELU> - 1
<Node method:torch.nn.modules.activation.ELU.__init__> - 2
<Node method:torch.nn.modules.activation.Hardswish.forward> - 2
<Node function:torch.nn.functional.mish> - 3
<Node method:torch.nn.modules.activation.Hardswish.__init__> - 2
<Node class:torch.nn.modules.activation.ELU> - 1
<Node method:torch.nn.modules.activation.Mish.extra_repr> - 2
<Node method:torch.nn.modules.activation.Mish.forward> - 2
<Node function:torch.nn.functional.silu> - 3
<Node method:torch.nn.modules.activation.Mish.__init__> - 2
<Node method:torch.nn.utils.parametrizations._SpectralNorm.right_inverse> - 3
<Node class:torch.nn.modules.activation.Hardswish> - 1
<Node method:torch.nn.modules.activation.SiLU.extra_repr> - 2
<Node method:torch.nn.modules.activation.SiLU.forward> - 2
<Node function:torch.nn.modules.rnn.apply_permutation> - 1
<Node method:torch.nn.modules.activation.SiLU.__init__> - 2
<Node class:torch.nn.modules.activation.Mish> - 1
<Node method:torch.nn.modules.transformer.TransformerEncoderLayer.forward> - 4
<Node function:torch.nn.functional.hardsigmoid> - 3
<Node class:torch.nn.modules.activation.SiLU> - 1
<Node method:torch.nn.modules.activation.Tanh.forward> - 2
<Node method:torch.nn.modules.activation.Hardsigmoid.forward> - 2
<Node method:torch.nn.modules.dropout.Dropout.__init__> - 1
<Node method:torch.nn.modules.activation.Hardsigmoid.__init__> - 2
<Node class:torch.nn.modules.activation.Tanh> - 1
<Node method:torch.nn.modules.transformer.TransformerEncoderLayer.__setstate__> - 4
<Node method:torch.nn.modules.transformer.TransformerEncoderLayer.__init__> - 4
<Node class:torch.nn.modules.rnn.RNNBase> - 2
<Node class:torch.nn.modules.transformer.TransformerDecoderLayer> - 3
<Node class:torch.nn.modules.rnn.RNN> - 1
<Node class:torch.nn.utils._expanded_weights.group_norm_expanded_weights.GroupNormPerSampleGrad> - 1
<Node method:torch.nn.modules.rnn.RNNBase.__init__> - 3
<Node method:torch.nn.modules.transformer.TransformerDecoder.forward> - 4
<Node class:torch.nn.cpp.OrderedDictWrapper> - 3
<Node class:torch.nn.cpp.ModuleWrapper> - 1
<Node method:torch.nn.cpp.OrderedDictWrapper.__init__> - 3
<Node method:torch.nn.cpp.OrderedDictWrapper.cpp_dict> - 4
<Node method:torch.nn.modules.rnn.RNNBase.get_expected_hidden_size> - 3
<Node method:torch.cuda.__exit__> - 1
<Node method:torch.cuda.__enter__> - 1
<Node method:torch.nn.modules.rnn.RNNBase.check_input> - 3
<Node method:torch.nn.modules.activation.Threshold.forward> - 2
<Node method:torch.nn.modules.activation.Threshold.extra_repr> - 2
<Node class:torch.nn.modules.activation.RReLU> - 1
<Node method:torch.nn.modules.rnn.RNNBase._apply> - 3
<Node method:torch.nn.modules.activation.ReLU.__init__> - 2
<Node function:torch.nn.functional.rrelu> - 3
<Node method:torch.nn.modules.activation.Hardtanh.__init__> - 3
<Node class:torch.nn.modules.activation.ReLU6> - 1
<Node class:torch.nn.utils.spectral_norm.SpectralNormLoadStateDictPreHook> - 2
<Node method:torch.nn.modules.activation.ReLU6.__init__> - 2
<Node method:torch.nn.modules.activation.Hardtanh.forward> - 3
<Node method:torch.nn.utils.spectral_norm.SpectralNorm.__init__> - 3
<Node method:torch.nn.modules.activation.Hardtanh.extra_repr> - 3
<Node class:torch.nn.modules.activation.Sigmoid> - 1
<Node function:torch.nn.functional.hardtanh> - 4
<Node method:torch.nn.modules.activation.ReLU6.extra_repr> - 2
<Node method:torch.nn.modules.activation.Sigmoid.forward> - 2
<Node method:torch.nn.modules._functions.CrossMapLRN2d.__init__> - 1
<Node class:torch.nn.modules.activation.Hardsigmoid> - 1
<Node method:torch.nn.modules.conv.LazyConv1d._get_num_spatial_dims> - 2
<Node method:torch.nn.modules.conv.LazyConv2d.__init__> - 2
<Node class:torch.nn.modules.conv.LazyConv3d> - 1
<Node function:torch.nn.functional.normalize> - 3
<Node method:torch.nn.modules.conv.LazyConv2d._get_num_spatial_dims> - 2
<Node method:torch.nn.modules.conv.LazyConv3d.__init__> - 2
<Node class:torch.nn.modules.conv.LazyConvTranspose1d> - 1
<Node method:torch.nn.modules.conv.LazyConv3d._get_num_spatial_dims> - 2
<Node function:torch.nn.functional.assert_int_or_pair> - 1
<Node method:torch.nn.modules.conv.LazyConvTranspose1d.__init__> - 2
<Node method:torch.nn.modules.rnn.RNNBase.flatten_parameters> - 3
<Node class:torch.nn.modules.conv.LazyConvTranspose2d> - 1
<Node method:torch.nn.modules.rnn.RNNBase.reset_parameters> - 3
<Node method:torch.nn.modules.pixelshuffle.PixelUnshuffle.forward> - 2
<Node method:torch.nn.modules.conv.LazyConvTranspose1d._get_num_spatial_dims> - 2
<Node method:torch.nn.modules.conv.LazyConvTranspose2d.__init__> - 2
<Node class:torch.nn.modules.conv.LazyConvTranspose3d> - 1
<Node method:torch.nn.modules.rnn.RNNBase._init_flat_weights> - 3
<Node function:torch.nn.functional._in_projection_packed> - 8
<Node method:torch.nn.modules.rnn.RNNBase.__setattr__> - 3
<Node method:torch.nn.modules.pixelshuffle.PixelUnshuffle.extra_repr> - 2
<Node method:torch.nn.modules.conv.LazyConvTranspose2d._get_num_spatial_dims> - 2
<Node method:torch.nn.modules.conv.LazyConvTranspose3d.__init__> - 2
<Node function:torch.nn.functional._in_projection> - 8
<Node method:torch.nn.modules.conv.LazyConvTranspose3d._get_num_spatial_dims> - 2
<Node function:torch.nn.functional._mha_shape_check> - 8
<Node method:torch.nn.parallel.distributed.DistributedDataParallel._check_sync_bufs_post_fwd> - inf
<Node method:torch.nn.parallel.distributed.DistributedDataParallel._check_global_requires_backward_grad_sync> - inf
<Node function:torch.nn.utils.parametrize.register_parametrization> - 2
<Node method:torch.nn.parallel.distributed._DDPSink.__init__> - 1
<Node function:torch.nn.functional.lp_pool2d> - 3
<Node method:torch.nn.parallel.distributed.DistributedDataParallel.to_kwargs> - inf
<Node method:torch.nn.parallel.distributed.DistributedDataParallel.scatter> - inf
<Node method:torch.nn.modules.pooling._AdaptiveMaxPoolNd.__init__> - 3
<Node method:torch.autograd.__enter__> - 1
<Node class:torch.nn.modules.pooling.AdaptiveMaxPool1d> - 1
<Node method:torch.autograd.__exit__> - 1
<Node method:torch.nn.parallel.distributed.DistributedDataParallel.train> - inf
<Node method:torch.nn.parallel.distributed.DistributedDataParallel.gather> - inf
<Node function:torch.nn.utils.parametrizations.weight_norm> - 1
<Node method:torch.nn.parallel.distributed.DistributedDataParallel._sync_final_model> - inf
<Node method:torch.nn.parallel.distributed.DistributedDataParallel._check_and_sync_module_buffers> - inf
<Node class:torch.nn.utils.parametrizations._WeightNorm> - 2
<Node method:torch.nn.parallel.distributed.DistributedDataParallel._match_unused_params_allreduce> - inf
<Node method:torch.nn.parallel.distributed.DistributedDataParallel._match_all_reduce_for_bwd_pass> - inf
<Node method:torch.nn.parallel.distributed.DistributedDataParallel._sync_module_buffers> - inf
<Node method:torch.nn.parallel.distributed.DistributedDataParallel._distributed_rank> - inf
<Node method:torch.nn.parallel.distributed.DistributedDataParallel._find_common_rank> - inf
<Node method:torch.nn.parallel.distributed.DistributedDataParallel.join> - inf
<Node method:torch.nn.parallel.distributed.DistributedDataParallel.join_hook> - inf
<Node method:torch.nn.parallel.distributed.DistributedDataParallel.join_device> - inf
<Node method:torch.nn.parallel.distributed.DistributedDataParallel.join_process_group> - inf
<Node method:torch.nn.parallel.distributed.DistributedDataParallel._register_buffer_comm_hook> - inf
<Node function:torch.nn.utils.fusion.fuse_linear_bn_eval> - 1
<Node method:torch.nn.parallel.distributed.DistributedDataParallel._register_builtin_comm_hook> - inf
<Node method:torch.nn.parallel.distributed._BufferCommHook.__init__> - 1
<Node function:torch.nn.utils.fusion.fuse_conv_bn_weights> - 2
<Node function:torch.nn.utils.parametrizations._is_orthogonal> - 4
<Node function:torch.nn.utils.fusion.fuse_conv_bn_eval> - 1
<Node function:torch.nn.functional.dropout1d> - 3
<Node function:torch.nn.functional.poisson_nll_loss> - 3
<Node method:torch.nn.modules.loss.GaussianNLLLoss.forward> - 2
<Node function:torch.nn.utils.parametrizations._make_orthogonal> - 4
<Node function:torch.nn.functional.dropout> - 7
<Node method:torch.nn.modules.loss.KLDivLoss.__init__> - 2
<Node class:torch.nn.utils.parametrizations._OrthMaps> - 2
<Node method:torch.nn.modules.dropout.Dropout2d.forward> - 2
<Node method:torch.nn.parallel._functions.Gather.__init__> - 1
<Node class:torch.nn.modules.dropout.Dropout3d> - 1
<Node class:torch.nn.modules.dropout.AlphaDropout> - 1
<Node class:torch.nn.modules.loss.MSELoss> - 1
<Node method:torch.nn.modules.dropout.Dropout3d.forward> - 2
<Node function:torch.nn.functional.gaussian_nll_loss> - 3
<Node function:torch.nn.functional.dropout2d> - 3
<Node class:torch.nn.utils.parametrizations._Orthogonal> - 2
<Node method:torch.nn.modules.loss.KLDivLoss.forward> - 2
<Node method:torch.nn.modules.loss.MSELoss.__init__> - 2
<Node function:torch.nn.utils.parametrizations.orthogonal> - 1
<Node class:torch.nn.modules.dropout.FeatureAlphaDropout> - 1
<Node method:torch.nn.modules.dropout.AlphaDropout.forward> - 2
<Node function:torch.nn.functional.dropout3d> - 3
<Node class:torch.nn.modules.loss.BCELoss> - 1
<Node function:torch.nn.parallel.distributed._find_tensors> - inf
<Node function:torch.nn.functional.kl_div> - 3
<Node method:torch.nn.modules.loss.MSELoss.forward> - 2
<Node function:torch.nn.parallel.distributed._tree_unflatten_with_rref> - inf
<Node method:torch.nn.modules.dropout.FeatureAlphaDropout.forward> - 2
<Node method:torch.nn.modules.loss.BCELoss.__init__> - 2
<Node function:torch.nn.functional.alpha_dropout> - 3
<Node method:torch.nn.modules.container.ModuleList.__setitem__> - 5
<Node class:torch.nn.modules.loss.BCEWithLogitsLoss> - 1
<Node method:torch.nn.modules.container.ModuleList.__getitem__> - 5
<Node function:torch.nn.functional.mse_loss> - 3
<Node method:torch.nn.modules.container.ModuleList._get_abs_string_index> - 5
<Node method:torch.nn.modules.loss.BCELoss.forward> - 2
<Node function:torch.nn.functional.feature_alpha_dropout> - 3
<Node method:torch.nn.modules.loss.BCEWithLogitsLoss.__init__> - 2
<Node class:torch.nn.modules.loss.HingeEmbeddingLoss> - 1
<Node method:torch.nn.modules.container.ModuleList.__init__> - 4
<Node method:torch.nn.modules.module.Module.named_children> - 3
<Node class:torch.nn.modules.container.ModuleDict> - 2
<Node function:torch.nn.functional.binary_cross_entropy> - 3
<Node method:torch.nn.modules.container.Sequential.extend> - 2
<Node method:torch.nn.modules.loss.BCEWithLogitsLoss.forward> - 2
<Node method:torch.nn.modules.container.Sequential.insert> - 2
<Node method:torch.nn.modules.loss.HingeEmbeddingLoss.__init__> - 2
<Node class:torch.nn.modules.loss.MultiLabelMarginLoss> - 1
<Node function:torch.nn.functional.binary_cross_entropy_with_logits> - 3
<Node method:torch.nn.modules.container.Sequential.forward> - 2
<Node method:torch.nn.modules.container.Sequential.__iter__> - 2
<Node method:torch.nn.modules.loss.HingeEmbeddingLoss.forward> - 2
<Node function:torch.nn.parallel.distributed._dump_DDP_relevant_env_vars> - 1
<Node method:torch.nn.modules.loss.MultiLabelMarginLoss.__init__> - 2
<Node method:torch.nn.modules.container.Sequential.__dir__> - 2
<Node method:torch.nn.modules.container.Sequential.__imul__> - 2
<Node method:torch.nn.modules.container.Sequential.append> - 2
<Node method:torch.nn.modules.container.Sequential.__rmul__> - 2
<Node function:torch.nn.functional.instance_norm> - 4
<Node method:torch.nn.modules.instancenorm._InstanceNorm.forward> - 3
<Node method:torch.nn.modules.instancenorm._InstanceNorm._apply_instance_norm> - 3
<Node method:torch.nn.modules.instancenorm._InstanceNorm._load_from_state_dict> - 3
<Node method:torch.nn.modules.instancenorm._InstanceNorm._handle_no_batch_input> - 3
<Node method:torch.nn.modules.instancenorm._InstanceNorm._get_no_batch_dim> - 3
<Node method:torch.nn.modules.instancenorm._InstanceNorm._check_input_dim> - 3
<Node method:torch.nn.modules.instancenorm._InstanceNorm.__init__> - 3
<Node function:torch.nn.parallel.distributed._setup_mixed_precision_params> - inf
<Node class:torch.nn.modules.instancenorm.InstanceNorm1d> - 2
<Node class:torch.nn.modules.instancenorm._InstanceNorm> - 2
<Node function:torch.nn.parallel.distributed._tree_flatten_with_rref> - inf
<Node method:torch.nn.modules.adaptive.AdaptiveLogSoftmaxWithLoss._get_full_log_prob> - 2
<Node method:torch.nn.modules.adaptive.AdaptiveLogSoftmaxWithLoss.forward> - 2
<Node class:torch.nn.parallel.distributed._BufferCommHookLocation> - 1
<Node method:torch.nn.modules.adaptive.AdaptiveLogSoftmaxWithLoss.log_prob> - 2
<Node class:torch.nn.parallel.distributed._BufferCommHook> - inf
<Node class:torch.nn.parallel.distributed._DDPSink> - inf
<Node function:torch.nn.utils.fusion.fuse_linear_bn_weights> - 2
<Node function:torch.nn.functional.max_pool2d_with_indices> - 1
<Node function:torch.nn.functional._max_pool2d> - 1
<Node function:torch.nn.functional.max_pool3d_with_indices> - 1
<Node function:torch.nn.functional._max_pool3d> - 1
<Node method:torch.nn.modules.adaptive.AdaptiveLogSoftmaxWithLoss.reset_parameters> - 2
<Node function:torch.nn.functional._unpool_output_size> - 4
<Node function:torch.nn.functional.log_softmax> - 3
<Node class:torch.nn.modules.loss.SmoothL1Loss> - 1
<Node function:torch.nn.functional.hinge_embedding_loss> - 3
<Node method:torch.nn.modules.adaptive.AdaptiveLogSoftmaxWithLoss.predict> - 2
<Node method:torch.nn.modules.loss.MultiLabelMarginLoss.forward> - 2
<Node method:torch.nn.modules.adaptive.AdaptiveLogSoftmaxWithLoss.__init__> - 2
<Node method:torch.nn.modules.loss.SmoothL1Loss.__init__> - 2
<Node class:torch.nn.modules.loss.HuberLoss> - 1
<Node function:torch.nn.functional.multilabel_margin_loss> - 3
<Node method:torch.nn.modules.loss.SmoothL1Loss.forward> - 2
<Node method:torch.nn.modules.loss.HuberLoss.__init__> - 2
<Node class:torch.nn.modules.loss.SoftMarginLoss> - 1
<Node function:torch.nn.functional.smooth_l1_loss> - 3
<Node method:torch.nn.modules.loss.HuberLoss.forward> - 2
<Node method:torch.nn.modules.loss.SoftMarginLoss.__init__> - 2
<Node class:torch.nn.modules.adaptive.AdaptiveLogSoftmaxWithLoss> - 1
<Node class:torch.nn.modules.loss.CrossEntropyLoss> - 1
<Node function:torch.nn.functional.huber_loss> - 3
<Node method:torch.nn.modules.loss.SoftMarginLoss.forward> - 2
<Node class:torch.nn.modules.loss.MultiLabelSoftMarginLoss> - 1
<Node method:torch.nn.modules.container.Sequential.__setitem__> - 2
<Node method:torch.nn.modules.container.Sequential.__delitem__> - 2
<Node method:torch.nn.modules.container.Sequential.__len__> - 2
<Node method:torch.nn.modules.container.Sequential.__add__> - 2
<Node method:torch.nn.modules.container.Sequential.pop> - 2
<Node method:torch.nn.modules.container.Sequential.__iadd__> - 2
<Node method:torch.nn.utils.parametrizations._Orthogonal.right_inverse> - 3
<Node method:torch.nn.modules.container.Sequential.__mul__> - 2
<Node method:torch.nn.utils.parametrizations._Orthogonal.forward> - 3
<Node method:torch.nn.utils.parametrizations._Orthogonal.__init__> - 2
<Node method:torch.nn.parallel.distributed.DistributedDataParallel._set_static_graph> - inf
<Node method:torch.nn.modules.sparse.Embedding.forward> - 2
<Node method:torch.nn.modules.sparse.Embedding._fill_padding_idx_with_zero> - 2
<Node method:torch.nn.modules.sparse.Embedding.reset_parameters> - 2
<Node class:torch.nn.parallel._functions.Scatter> - 5
<Node method:torch.nn.modules.sparse.Embedding.extra_repr> - 2
<Node function:torch.nn.modules.container._addindent> - 6
<Node function:torch.nn.init.normal_> - 3
<Node function:torch.nn.modules.transformer._generate_square_subsequent_mask> - 6
<Node method:torch.nn.utils.prune.BasePruningMethod.remove> - 3
<Node method:torch.nn.modules.channelshuffle.ChannelShuffle.extra_repr> - 2
<Node method:torch.nn.parallel.distributed.DistributedDataParallel._fire_reducer_autograd_hook> - inf
<Node class:torch.nn.modules.linear.Linear> - 2
<Node method:torch.nn.parallel._functions.ReduceAddCoalesced.__init__> - 1
<Node function:torch.nn.functional.embedding> - 3
<Node function:torch.nn.utils.prune.BasePruningMethod.apply._get_composite_method> - 1
<Node method:torch.nn.modules.sparse.EmbeddingBag.__init__> - 2
<Node method:torch.nn.parallel.distributed.DistributedDataParallel.__getstate__> - inf
<Node method:torch.nn.modules.sparse.EmbeddingBag._fill_padding_idx_with_zero> - 2
<Node class:torch.nn.modules.channelshuffle.ChannelShuffle> - 1
<Node function:torch.nn.utils.prune.remove> - 1
<Node method:torch.nn.utils.prune.BasePruningMethod.prune> - 3
<Node function:torch.nn.utils.prune.is_pruned> - 1
<Node function:torch.nn.modules.transformer._get_seq_len> - 5
<Node function:torch.nn.utils.prune._validate_pruning_amount_init> - 3
<Node function:torch.nn.utils.prune._validate_pruning_amount> - 3
<Node function:torch.nn.utils.prune._validate_structured_pruning> - 3
<Node class:torch.nn.modules.lazy._LazyProtocol> - 1
<Node function:torch.nn.parameter.is_lazy> - 4
<Node method:torch.nn.modules.container.ParameterList.__iadd__> - 2
<Node method:torch.nn.modules.container.ParameterList.__iter__> - 2
<Node function:torch.nn.utils.prune._compute_nparams_toprune> - 3
<Node method:torch.nn.modules.lazy._LazyProtocol._register_load_state_dict_pre_hook> - 2
<Node method:torch.nn.modules.lazy._LazyProtocol.register_forward_pre_hook> - 2
<Node function:torch.nn.parallel.scatter_gather.gather.gather_map> - 3
<Node function:torch.nn.utils.prune._validate_pruning_dim> - 3
<Node method:torch.nn.modules.container.ParameterList.__len__> - 2
<Node method:torch.nn.modules.lazy._LazyProtocol._lazy_load_hook> - 2
<Node method:torch.nn.modules.container.ParameterList.__setitem__> - 2
<Node function:torch.nn.utils.prune._compute_norm> - 3
<Node method:torch.nn.modules.lazy._LazyProtocol._get_name> - 2
<Node class:torch.nn.modules.upsampling.UpsamplingBilinear2d> - 1
<Node method:torch.nn.modules.container.ParameterList.__getitem__> - 2
<Node method:torch.nn.modules.lazy._LazyProtocol._infer_parameters> - 2
<Node method:torch.nn.modules.upsampling.UpsamplingNearest2d.__init__> - 2
<Node function:torch.nn.functional.interpolate> - 2
<Node method:torch.nn.modules.lazy._LazyProtocol._parameters> - 2
<Node method:torch.nn.modules.upsampling.Upsample.extra_repr> - 3
<Node method:torch.nn.modules.container.ParameterList._get_abs_string_index> - 2
<Node method:torch.nn.modules.lazy._LazyProtocol._buffers> - 2
<Node method:torch.nn.modules.container.ParameterList.__init__> - 2
<Node method:torch.nn.modules.lazy._LazyProtocol._non_persistent_buffers_set> - 2
<Node method:torch.nn.modules.upsampling.Upsample.__setstate__> - 3
<Node method:torch.nn.modules.lazy._LazyProtocol._load_hook> - 2
<Node method:torch.nn.modules.upsampling.Upsample.forward> - 3
<Node class:torch.nn.modules.container.ParameterDict> - 1
<Node method:torch.nn.modules.channelshuffle.ChannelShuffle.forward> - 2
<Node method:torch.nn.modules.lazy._LazyProtocol._initialize_hook> - 2
<Node method:torch.nn.modules.upsampling.Upsample.__init__> - 3
<Node method:torch.nn.modules.channelshuffle.ChannelShuffle.__init__> - 2
<Node method:torch.nn.modules.container.ModuleDict.values> - 3
<Node method:torch.nn.modules.lazy.LazyModuleMixin.__init__> - 3
<Node class:torch.nn.modules.transformer.Transformer> - 1
<Node class:torch.nn.modules.upsampling.UpsamplingNearest2d> - 1
<Node class:torch.nn.modules.transformer.TransformerEncoder> - 3
<Node method:torch.nn.modules.container.ModuleDict.items> - 3
<Node function:torch.nn.utils.convert_parameters._check_param_device> - 2
<Node method:torch.nn.modules.transformer.Transformer.__init__> - 2
<Node class:torch.nn.modules.upsampling.Upsample> - 2
<Node method:torch.nn.modules.lazy.LazyModuleMixin._save_to_state_dict> - 3
<Node method:torch.nn.modules.container.ModuleDict.keys> - 3
<Node method:torch.nn.modules.lazy.LazyModuleMixin.initialize_parameters> - 3
<Node method:torch.nn.modules.container.ModuleDict.pop> - 3
<Node method:torch.nn.modules.lazy.LazyModuleMixin._lazy_load_hook> - 3
<Node method:torch.nn.modules.container.ModuleDict.__contains__> - 3
<Node method:torch.nn.modules.container.ModuleDict.clear> - 3
<Node method:torch.nn.modules.lazy.LazyModuleMixin._infer_parameters> - 3
<Node method:torch.nn.modules.container.ModuleDict.__iter__> - 3
<Node method:torch.nn.modules.container.ModuleDict.__len__> - 3
<Node method:torch.nn.modules.container.ModuleDict.update> - 3
<Node method:torch.nn.modules.container.ModuleDict.__delitem__> - 3
<Node class:torch.nn.utils.parametrizations._SpectralNorm> - 2
<Node method:torch.nn.modules.container.ModuleDict.__setitem__> - 3
<Node function:torch.nn.utils.parametrizations.spectral_norm> - 1
<Node method:torch.nn.modules.upsampling.UpsamplingBilinear2d.__init__> - 2
<Node function:torch.nn.parallel.scatter_gather._is_namedtuple> - 2
<Node function:torch.nn.utils.parametrizations.weight_norm._weight_norm_compat_hook> - 2
<Node function:torch.nn.parallel.scatter_gather.scatter> - 3
<Node method:torch.nn.modules.container.ModuleDict.__getitem__> - 3
<Node class:torch.nn.modules.container.ParameterList> - 1
<Node method:torch.nn.modules.container.ModuleDict.__init__> - 3
<Node function:torch.nn.parallel.scatter_gather.scatter.scatter_map> - 4
<Node method:torch.nn.modules.container.ModuleList.pop> - 5
<Node function:torch.nn.parallel.scatter_gather.is_namedtuple> - 1
<Node method:torch.nn.modules.container.ModuleList.append> - 5
<Node method:torch.nn.modules.container.ModuleList.insert> - 5
<Node method:torch.nn.utils.rnn.PackedSequence.int> - 4
<Node method:torch.nn.modules.container.ModuleList.__dir__> - 5
<Node method:torch.nn.modules.container.ModuleList.extend> - 5
<Node method:torch.nn.utils.rnn.PackedSequence.short> - 4
<Node function:torch.nn._reduction.get_enum> - 4
<Node method:torch.nn.modules.container.ModuleList.__add__> - 5
<Node method:torch.nn.modules.container.ModuleList.__repr__> - 5
<Node method:torch.nn.modules.container.ModuleList.__iadd__> - 5
<Node method:torch.nn.modules.container.ModuleList.__iter__> - 5
<Node method:torch.nn.utils.parametrizations._WeightNorm.right_inverse> - 3
<Node method:torch.nn.modules.container.ModuleList.__len__> - 5
<Node method:torch.nn.modules.container.ModuleList.__delitem__> - 5
<Node function:torch.nn.utils.convert_parameters.parameters_to_vector> - 1
<Node class:torch.nn.modules.container.Container> - 1
<Node function:torch.nn._reduction.legacy_get_enum> - 4
<Node class:torch.nn.modules.container.Sequential> - 1
<Node function:torch.nn.utils.convert_parameters.vector_to_parameters> - 1
<Node method:torch.nn.modules.container.Container.__init__> - 2
<Node method:torch.nn.modules.transformer.TransformerDecoder.__init__> - 3
<Node class:torch.nn.modules.pooling._AdaptiveMaxPoolNd> - 2
<Node class:torch.nn.modules.transformer.TransformerEncoderLayer> - 3
<Node class:torch.nn.utils._expanded_weights.conv_expanded_weights.ConvPerSampleGrad> - 1
<Node function:torch.nn.utils._expanded_weights.conv_utils.conv_backward> - 1
<Node function:torch.nn.utils._expanded_weights.conv_utils.conv_args_and_kwargs> - 1
<Node method:torch.nn.modules.pooling.LPPool2d.forward> - 2
<Node function:torch.nn.utils._expanded_weights.conv_utils.conv_picker> - 2
<Node function:torch.nn.utils._expanded_weights.conv_utils.conv_input_for_string_padding> - 1
<Node function:torch.nn.functional.lp_pool1d> - 3
<Node method:torch.nn.modules.transformer.TransformerEncoder.forward> - 4
<Node class:torch.nn.modules.pooling.LPPool2d> - 1
<Node method:torch.nn.modules.transformer.TransformerEncoder.__init__> - 3
<Node method:torch.nn.modules.pooling.LPPool1d.forward> - 2
<Node method:torch.nn.modules.pooling._LPPoolNd.extra_repr> - 3
<Node method:torch.nn.parallel._functions.Broadcast.__init__> - 1
<Node class:torch.nn.parallel._functions.ReduceAddCoalesced> - 1
<Node class:torch.nn.modules.transformer.TransformerDecoder> - 3
<Node method:torch.nn.modules.pooling._LPPoolNd.__init__> - 3
<Node method:torch.nn.utils.parametrizations._SpectralNorm.__init__> - 2
<Node class:torch.nn.modules.pooling.LPPool1d> - 1
<Node method:torch.nn.modules.pooling.FractionalMaxPool3d.forward> - 2
<Node function:torch.nn.parallel._functions._get_stream> - 1
<Node method:torch.nn.modules.pooling.FractionalMaxPool3d.__init__> - 2
<Node class:torch.nn.modules.pooling._LPPoolNd> - 2
<Node method:torch.nn.modules.pooling.FractionalMaxPool2d.forward> - 2
<Node method:torch.nn.modules.pooling.FractionalMaxPool2d.__init__> - 2
<Node class:torch.nn.modules.pooling.FractionalMaxPool3d> - 1
<Node function:torch.nn.functional.upsample> - 1
<Node method:torch.nn.modules.pooling.AvgPool3d.__setstate__> - 2
<Node method:torch.nn.modules.pooling.AvgPool3d.forward> - 2
<Node function:torch.nn.functional._is_integer> - 3
<Node class:torch.nn.modules.pooling.FractionalMaxPool2d> - 1
<Node method:torch.nn.modules.pooling.AvgPool2d.forward> - 2
<Node method:torch.nn.modules.pooling.AvgPool3d.__init__> - 2
<Node class:torch.nn.parallel._functions.Gather> - 4
<Node class:torch.nn.modules.pooling.AvgPool3d> - 1
<Node method:torch.nn.modules.pooling.AvgPool2d.__init__> - 2
<Node method:torch.nn.modules.pooling.AvgPool1d.forward> - 2
<Node function:torch.nn.functional.upsample_nearest> - 1
<Node function:torch.nn.functional.upsample_bilinear> - 1
<Node method:torch.nn.modules.pooling.AvgPool1d.__init__> - 2
<Node class:torch.nn.modules.pooling.AvgPool2d> - 1
<Node function:torch.nn.functional.max_unpool3d> - 3
<Node method:torch.nn.utils.parametrizations._SpectralNorm.forward> - 3
<Node method:torch.nn.modules.sparse.EmbeddingBag.forward> - 2
<Node class:torch.nn.modules.pooling.AvgPool1d> - 1
<Node method:torch.nn.utils.parametrizations._SpectralNorm._power_method> - 3
<Node method:torch.nn.modules.sparse.EmbeddingBag.reset_parameters> - 2
<Node function:torch.nn.functional.grid_sample> - 1
<Node method:torch.nn.modules.pooling._AvgPoolNd.extra_repr> - 3
<Node method:torch.nn.utils.parametrizations._SpectralNorm._reshape_weight_to_matrix> - 3
<Node method:torch.nn.modules.pooling.MaxUnpool3d.forward> - 2
<Node method:torch.nn.modules.sparse.EmbeddingBag.extra_repr> - 2
<Node class:torch.nn.modules.container.ModuleList> - 4
<Node function:torch.nn.functional.max_unpool2d> - 3
<Node method:torch.nn.modules.container.Sequential.__init__> - 2
<Node function:torch.nn.functional.embedding_bag> - 3
<Node class:torch.nn.modules.pooling._AvgPoolNd> - 2
<Node method:torch.nn.modules.transformer.Transformer._reset_parameters> - 2
<Node method:torch.nn.modules.pooling.MaxUnpool3d.__init__> - 2
<Node method:torch.nn.modules.container.Sequential._get_item_by_idx> - 2
<Node method:torch.nn.modules.transformer.Transformer.forward> - 2
<Node method:torch.nn.modules.pooling.MaxUnpool2d.forward> - 2
<Node function:torch.nn.functional.max_unpool1d> - 3
<Node method:torch.nn.modules.container.Sequential.__getitem__> - 2
<Node method:torch.nn.utils.parametrizations._WeightNorm.__init__> - 2
<Node class:torch.nn.modules.pooling.MaxUnpool3d> - 1
<Node method:torch.nn.utils.parametrizations._WeightNorm.forward> - 3
<Node method:torch.nn.modules.pooling.MaxUnpool2d.__init__> - 2
<Node function:torch.nn.functional.affine_grid> - 1
<Node class:torch.nn.modules.sparse.Embedding> - 1
<Node class:torch.nn.modules.sparse.EmbeddingBag> - 1
<Node method:torch.nn.modules.lazy.LazyModuleMixin._replicate_for_data_parallel> - 3
<Node method:torch.nn.modules.sparse.Embedding.__init__> - 2
<Node method:torch.nn.modules.lazy.LazyModuleMixin.has_uninitialized_params> - 3
